<?xml version="1.0" encoding="UTF-8"?>
<testsuite name="tests.docsout.FillNewForm" tests="1" skipped="0" failures="1" errors="0" timestamp="2019-08-28T07:01:34" hostname="Hastur" time="0.195">
  <properties/>
  <testcase name="fillNewForm" classname="tests.docsout.FillNewForm" time="0.195">
    <failure message="org.openqa.selenium.WebDriverException: Failed to convert data to an object&#10;Build info: version: '3.141.59', revision: 'e82be7d358', time: '2018-11-14T08:17:03'&#10;System info: host: 'HASTUR', ip: '192.168.99.169', os.name: 'Windows 10', os.arch: 'amd64', os.version: '10.0', java.version: '1.8.0_192'&#10;Driver info: org.openqa.selenium.firefox.FirefoxDriver&#10;Capabilities {acceptInsecureCerts: true, browserName: firefox, browserVersion: 68.0.2, javascriptEnabled: true, moz:accessibilityChecks: false, moz:buildID: 20190813150448, moz:geckodriverVersion: 0.24.0, moz:headless: false, moz:processID: 22596, moz:profile: C:\Users\sladk\AppData\Loca..., moz:shutdownTimeout: 60000, moz:useNonSpecCompliantPointerOrigin: false, moz:webdriverClick: true, pageLoadStrategy: eager, platform: WINDOWS, platformName: WINDOWS, platformVersion: 10.0, proxy: Proxy(manual, http=localhos..., rotatable: false, setWindowRect: true, strictFileInteractability: false, timeouts: {implicit: 0, pageLoad: 300000, script: 30000}, unhandledPromptBehavior: dismiss and notify}&#10;Session ID: bf50e3be-5eab-4a1d-8582-8049abdb2407&#10;*** Element info: {Using=name, value=otds_username}" type="org.openqa.selenium.WebDriverException">org.openqa.selenium.WebDriverException: Failed to convert data to an object
Build info: version: '3.141.59', revision: 'e82be7d358', time: '2018-11-14T08:17:03'
System info: host: 'HASTUR', ip: '192.168.99.169', os.name: 'Windows 10', os.arch: 'amd64', os.version: '10.0', java.version: '1.8.0_192'
Driver info: org.openqa.selenium.firefox.FirefoxDriver
Capabilities {acceptInsecureCerts: true, browserName: firefox, browserVersion: 68.0.2, javascriptEnabled: true, moz:accessibilityChecks: false, moz:buildID: 20190813150448, moz:geckodriverVersion: 0.24.0, moz:headless: false, moz:processID: 22596, moz:profile: C:\Users\sladk\AppData\Loca..., moz:shutdownTimeout: 60000, moz:useNonSpecCompliantPointerOrigin: false, moz:webdriverClick: true, pageLoadStrategy: eager, platform: WINDOWS, platformName: WINDOWS, platformVersion: 10.0, proxy: Proxy(manual, http=localhos..., rotatable: false, setWindowRect: true, strictFileInteractability: false, timeouts: {implicit: 0, pageLoad: 300000, script: 30000}, unhandledPromptBehavior: dismiss and notify}
Session ID: bf50e3be-5eab-4a1d-8582-8049abdb2407
*** Element info: {Using=name, value=otds_username}
	at sun.reflect.NativeConstructorAccessorImpl.newInstance0(Native Method)
	at sun.reflect.NativeConstructorAccessorImpl.newInstance(NativeConstructorAccessorImpl.java:62)
	at sun.reflect.DelegatingConstructorAccessorImpl.newInstance(DelegatingConstructorAccessorImpl.java:45)
	at java.lang.reflect.Constructor.newInstance(Constructor.java:423)
	at org.openqa.selenium.remote.http.W3CHttpResponseCodec.createException(W3CHttpResponseCodec.java:187)
	at org.openqa.selenium.remote.http.W3CHttpResponseCodec.decode(W3CHttpResponseCodec.java:122)
	at org.openqa.selenium.remote.http.W3CHttpResponseCodec.decode(W3CHttpResponseCodec.java:49)
	at org.openqa.selenium.remote.HttpCommandExecutor.execute(HttpCommandExecutor.java:158)
	at org.openqa.selenium.remote.service.DriverCommandExecutor.execute(DriverCommandExecutor.java:83)
	at org.openqa.selenium.remote.RemoteWebDriver.execute(RemoteWebDriver.java:552)
	at org.openqa.selenium.remote.RemoteWebDriver.findElement(RemoteWebDriver.java:323)
	at org.openqa.selenium.remote.RemoteWebDriver.findElementByName(RemoteWebDriver.java:404)
	at org.openqa.selenium.By$ByName.findElement(By.java:284)
	at org.openqa.selenium.remote.RemoteWebDriver.findElement(RemoteWebDriver.java:315)
	at org.openqa.selenium.support.ui.ExpectedConditions$7.apply(ExpectedConditions.java:205)
	at org.openqa.selenium.support.ui.ExpectedConditions$7.apply(ExpectedConditions.java:201)
	at org.openqa.selenium.support.ui.ExpectedConditions$22.apply(ExpectedConditions.java:641)
	at org.openqa.selenium.support.ui.ExpectedConditions$22.apply(ExpectedConditions.java:638)
	at org.openqa.selenium.support.ui.FluentWait.until(FluentWait.java:249)
	at appmanager.HelperBase.click(HelperBase.java:36)
	at appmanager.HelperBase.type(HelperBase.java:109)
	at appmanager.HelperSession.loginAuthor(HelperSession.java:18)
	at tests.docsout.FillNewForm.fillNewForm(FillNewForm.java:10)
	at sun.reflect.NativeMethodAccessorImpl.invoke0(Native Method)
	at sun.reflect.NativeMethodAccessorImpl.invoke(NativeMethodAccessorImpl.java:62)
	at sun.reflect.DelegatingMethodAccessorImpl.invoke(DelegatingMethodAccessorImpl.java:43)
	at java.lang.reflect.Method.invoke(Method.java:498)
	at org.testng.internal.MethodInvocationHelper.invokeMethod(MethodInvocationHelper.java:124)
	at org.testng.internal.Invoker.invokeMethod(Invoker.java:583)
	at org.testng.internal.Invoker.invokeTestMethod(Invoker.java:719)
	at org.testng.internal.Invoker.invokeTestMethods(Invoker.java:989)
	at org.testng.internal.TestMethodWorker.invokeTestMethods(TestMethodWorker.java:125)
	at org.testng.internal.TestMethodWorker.run(TestMethodWorker.java:109)
	at org.testng.TestRunner.privateRun(TestRunner.java:648)
	at org.testng.TestRunner.run(TestRunner.java:505)
	at org.testng.SuiteRunner.runTest(SuiteRunner.java:455)
	at org.testng.SuiteRunner.runSequentially(SuiteRunner.java:450)
	at org.testng.SuiteRunner.privateRun(SuiteRunner.java:415)
	at org.testng.SuiteRunner.run(SuiteRunner.java:364)
	at org.testng.SuiteRunnerWorker.runSuite(SuiteRunnerWorker.java:52)
	at org.testng.SuiteRunnerWorker.run(SuiteRunnerWorker.java:84)
	at org.testng.TestNG.runSuitesSequentially(TestNG.java:1208)
	at org.testng.TestNG.runSuitesLocally(TestNG.java:1137)
	at org.testng.TestNG.runSuites(TestNG.java:1049)
	at org.testng.TestNG.run(TestNG.java:1017)
	at org.gradle.api.internal.tasks.testing.testng.TestNGTestClassProcessor.runTests(TestNGTestClassProcessor.java:139)
	at org.gradle.api.internal.tasks.testing.testng.TestNGTestClassProcessor.stop(TestNGTestClassProcessor.java:89)
	at org.gradle.api.internal.tasks.testing.SuiteTestClassProcessor.stop(SuiteTestClassProcessor.java:61)
	at sun.reflect.NativeMethodAccessorImpl.invoke0(Native Method)
	at sun.reflect.NativeMethodAccessorImpl.invoke(NativeMethodAccessorImpl.java:62)
	at sun.reflect.DelegatingMethodAccessorImpl.invoke(DelegatingMethodAccessorImpl.java:43)
	at java.lang.reflect.Method.invoke(Method.java:498)
	at org.gradle.internal.dispatch.ReflectionDispatch.dispatch(ReflectionDispatch.java:35)
	at org.gradle.internal.dispatch.ReflectionDispatch.dispatch(ReflectionDispatch.java:24)
	at org.gradle.internal.dispatch.ContextClassLoaderDispatch.dispatch(ContextClassLoaderDispatch.java:32)
	at org.gradle.internal.dispatch.ProxyDispatchAdapter$DispatchingInvocationHandler.invoke(ProxyDispatchAdapter.java:93)
	at com.sun.proxy.$Proxy2.stop(Unknown Source)
	at org.gradle.api.internal.tasks.testing.worker.TestWorker.stop(TestWorker.java:131)
	at sun.reflect.NativeMethodAccessorImpl.invoke0(Native Method)
	at sun.reflect.NativeMethodAccessorImpl.invoke(NativeMethodAccessorImpl.java:62)
	at sun.reflect.DelegatingMethodAccessorImpl.invoke(DelegatingMethodAccessorImpl.java:43)
	at java.lang.reflect.Method.invoke(Method.java:498)
	at org.gradle.internal.dispatch.ReflectionDispatch.dispatch(ReflectionDispatch.java:35)
	at org.gradle.internal.dispatch.ReflectionDispatch.dispatch(ReflectionDispatch.java:24)
	at org.gradle.internal.remote.internal.hub.MessageHubBackedObjectConnection$DispatchWrapper.dispatch(MessageHubBackedObjectConnection.java:155)
	at org.gradle.internal.remote.internal.hub.MessageHubBackedObjectConnection$DispatchWrapper.dispatch(MessageHubBackedObjectConnection.java:137)
	at org.gradle.internal.remote.internal.hub.MessageHub$Handler.run(MessageHub.java:404)
	at org.gradle.internal.concurrent.ExecutorPolicy$CatchAndRecordFailures.onExecute(ExecutorPolicy.java:63)
	at org.gradle.internal.concurrent.ManagedExecutorImpl$1.run(ManagedExecutorImpl.java:46)
	at java.util.concurrent.ThreadPoolExecutor.runWorker(ThreadPoolExecutor.java:1149)
	at java.util.concurrent.ThreadPoolExecutor$Worker.run(ThreadPoolExecutor.java:624)
	at org.gradle.internal.concurrent.ThreadFactoryImpl$ManagedThreadRunnable.run(ThreadFactoryImpl.java:55)
	at java.lang.Thread.run(Thread.java:748)
</failure>
  </testcase>
  <system-out><![CDATA[10:01:34.674 [Test worker] INFO  tests.TestBase - Start test fillNewForm with parameters[]
10:01:34.756 [LittleProxy-0-ProxyToServerWorker-2] DEBUG o.l.p.impl.ProxyToServerConnection - (AWAITING_INITIAL) [id: 0xa0024915, L:/192.168.99.169:53786 - R:nlmk.terralink-global.com/10.100.102.102:80]: Reading: DefaultHttpResponse(decodeResult: success, version: HTTP/1.1)
HTTP/1.1 401 
Set-Cookie: otdscsrf=76dec855a7a19d520f733a3e340b517e; HttpOnly
WWW-Authenticate: Negotiate
WWW-Authenticate: NTLM
P3P: CP="NON IND UNI COM NAV INT"
X-XSS-Protection: 1
X-Content-Type-Options: nosniff
Content-Security-Policy: style-src 'unsafe-inline' 'self'; default-src 'self'
Cache-Control: no-cache, no-store
Content-Type: text/html;charset=UTF-8
Content-Language: ru
Transfer-Encoding: chunked
Date: Wed, 28 Aug 2019 07:01:32 GMT
10:01:34.756 [LittleProxy-0-ProxyToServerWorker-2] DEBUG o.l.p.impl.ProxyToServerConnection - (AWAITING_INITIAL) [id: 0xa0024915, L:/192.168.99.169:53786 - R:nlmk.terralink-global.com/10.100.102.102:80]: Received raw response: DefaultHttpResponse(decodeResult: success, version: HTTP/1.1)
HTTP/1.1 401 
Set-Cookie: otdscsrf=76dec855a7a19d520f733a3e340b517e; HttpOnly
WWW-Authenticate: Negotiate
WWW-Authenticate: NTLM
P3P: CP="NON IND UNI COM NAV INT"
X-XSS-Protection: 1
X-Content-Type-Options: nosniff
Content-Security-Policy: style-src 'unsafe-inline' 'self'; default-src 'self'
Cache-Control: no-cache, no-store
Content-Type: text/html;charset=UTF-8
Content-Language: ru
Transfer-Encoding: chunked
Date: Wed, 28 Aug 2019 07:01:32 GMT
10:01:34.756 [LittleProxy-0-ProxyToServerWorker-2] DEBUG o.l.p.impl.ProxyToServerConnection - (AWAITING_INITIAL) [id: 0xa0024915, L:/192.168.99.169:53786 - R:nlmk.terralink-global.com/10.100.102.102:80]: Remembering the current response.
10:01:34.761 [LittleProxy-0-ProxyToServerWorker-2] DEBUG o.l.p.impl.ClientToProxyConnection - (AWAITING_INITIAL) [id: 0x6ca54756, L:/0:0:0:0:0:0:0:1:53752 - R:/0:0:0:0:0:0:0:1:53785]: Writing: DefaultHttpResponse(decodeResult: success, version: HTTP/1.1)
HTTP/1.1 401 
Set-Cookie: otdscsrf=76dec855a7a19d520f733a3e340b517e; HttpOnly
WWW-Authenticate: Negotiate
WWW-Authenticate: NTLM
P3P: CP="NON IND UNI COM NAV INT"
X-XSS-Protection: 1
X-Content-Type-Options: nosniff
Content-Security-Policy: style-src 'unsafe-inline' 'self'; default-src 'self'
Cache-Control: no-cache, no-store
Content-Type: text/html;charset=UTF-8
Content-Language: ru
Transfer-Encoding: chunked
Date: Wed, 28 Aug 2019 07:01:32 GMT
Via: 1.1 browsermobproxy
10:01:34.762 [LittleProxy-0-ProxyToServerWorker-2] DEBUG o.l.p.impl.ClientToProxyConnection - (AWAITING_INITIAL) [id: 0x6ca54756, L:/0:0:0:0:0:0:0:1:53752 - R:/0:0:0:0:0:0:0:1:53785]: Wrote: DefaultHttpResponse(decodeResult: success, version: HTTP/1.1)
HTTP/1.1 401 
Set-Cookie: otdscsrf=76dec855a7a19d520f733a3e340b517e; HttpOnly
WWW-Authenticate: Negotiate
WWW-Authenticate: NTLM
P3P: CP="NON IND UNI COM NAV INT"
X-XSS-Protection: 1
X-Content-Type-Options: nosniff
Content-Security-Policy: style-src 'unsafe-inline' 'self'; default-src 'self'
Cache-Control: no-cache, no-store
Content-Type: text/html;charset=UTF-8
Content-Language: ru
Transfer-Encoding: chunked
Date: Wed, 28 Aug 2019 07:01:32 GMT
Via: 1.1 browsermobproxy
10:01:34.762 [LittleProxy-0-ProxyToServerWorker-2] DEBUG o.l.p.impl.ClientToProxyConnection - (AWAITING_INITIAL) [id: 0x6ca54756, L:/0:0:0:0:0:0:0:1:53752 - R:/0:0:0:0:0:0:0:1:53785]: Not closing server connection on middle chunk for /otdsws/login?RFA=eyJhbGciOiJub25lIn0.eyJwb3N0VGlja2V0Ijp0cnVlLCJwb3N0UGFyYW1zIjp0cnVlLCJsb2dvblN0eWxlIjoic2lnbmluLWNzIiwidXhWZXJzaW9uIjoyLCJmb3J3YXJkQWRkcmVzcyI6Imh0dHA6Ly9vdC1ubG1rLWJlLWRldjIub3QuZGV2LmxvY2FsL09UQ1MvY3MuZXhlP2Z1bmM9b3Rkc2ludGVncmF0aW9uLnJlZGlyZWN0Jk5leHRVUkw9aHR0cCUzQSUyRiUyRm90JTJEbmxtayUyRGJlJTJEZGV2MiUyRW90JTJFZGV2JTJFbG9jYWwlMkZPVENTJTJGY3MlMkVleGUlMkZhcHAmZ2V0VFoiLCJyZXNvdXJjZUlEIjoiMmM2MWU0OTEtYzMwNi00YTQyLTg2OWQtM2NkZDRmMmEwZDc1In0&fragment=
10:01:34.762 [LittleProxy-0-ProxyToServerWorker-2] DEBUG o.l.p.impl.ClientToProxyConnection - (AWAITING_INITIAL) [id: 0x6ca54756, L:/0:0:0:0:0:0:0:1:53752 - R:/0:0:0:0:0:0:0:1:53785]: Not closing client connection on middle chunk for /otdsws/login?RFA=eyJhbGciOiJub25lIn0.eyJwb3N0VGlja2V0Ijp0cnVlLCJwb3N0UGFyYW1zIjp0cnVlLCJsb2dvblN0eWxlIjoic2lnbmluLWNzIiwidXhWZXJzaW9uIjoyLCJmb3J3YXJkQWRkcmVzcyI6Imh0dHA6Ly9vdC1ubG1rLWJlLWRldjIub3QuZGV2LmxvY2FsL09UQ1MvY3MuZXhlP2Z1bmM9b3Rkc2ludGVncmF0aW9uLnJlZGlyZWN0Jk5leHRVUkw9aHR0cCUzQSUyRiUyRm90JTJEbmxtayUyRGJlJTJEZGV2MiUyRW90JTJFZGV2JTJFbG9jYWwlMkZPVENTJTJGY3MlMkVleGUlMkZhcHAmZ2V0VFoiLCJyZXNvdXJjZUlEIjoiMmM2MWU0OTEtYzMwNi00YTQyLTg2OWQtM2NkZDRmMmEwZDc1In0&fragment=
10:01:34.762 [LittleProxy-0-ProxyToServerWorker-2] DEBUG o.l.p.impl.ProxyToServerConnection - (AWAITING_CHUNK) [id: 0xa0024915, L:/192.168.99.169:53786 - R:nlmk.terralink-global.com/10.100.102.102:80]: Reading: DefaultHttpContent(data: SlicedAbstractByteBuf(ridx: 0, widx: 57, cap: 57/57, unwrapped: UnpooledByteBufAllocator$InstrumentedUnpooledUnsafeNoCleanerDirectByteBuf(ridx: 512, widx: 512, cap: 512)), decoderResult: success)
10:01:34.762 [LittleProxy-0-ProxyToServerWorker-2] DEBUG o.l.p.impl.ClientToProxyConnection - (AWAITING_INITIAL) [id: 0x6ca54756, L:/0:0:0:0:0:0:0:1:53752 - R:/0:0:0:0:0:0:0:1:53785]: Retaining reference counted message
10:01:34.763 [LittleProxy-0-ProxyToServerWorker-2] DEBUG o.l.p.impl.ClientToProxyConnection - (AWAITING_INITIAL) [id: 0x6ca54756, L:/0:0:0:0:0:0:0:1:53752 - R:/0:0:0:0:0:0:0:1:53785]: Writing: DefaultHttpContent(data: SlicedAbstractByteBuf(ridx: 0, widx: 57, cap: 57/57, unwrapped: UnpooledByteBufAllocator$InstrumentedUnpooledUnsafeNoCleanerDirectByteBuf(ridx: 512, widx: 512, cap: 512)), decoderResult: success)
10:01:34.763 [LittleProxy-0-ProxyToServerWorker-2] DEBUG o.l.p.impl.ClientToProxyConnection - (AWAITING_INITIAL) [id: 0x6ca54756, L:/0:0:0:0:0:0:0:1:53752 - R:/0:0:0:0:0:0:0:1:53785]: Wrote: DefaultHttpContent(data: SlicedAbstractByteBuf(ridx: 0, widx: 57, cap: 57/57, unwrapped: UnpooledByteBufAllocator$InstrumentedUnpooledUnsafeNoCleanerDirectByteBuf(ridx: 512, widx: 512, cap: 512)), decoderResult: success)
10:01:34.763 [LittleProxy-0-ProxyToServerWorker-2] DEBUG o.l.p.impl.ClientToProxyConnection - (AWAITING_INITIAL) [id: 0x6ca54756, L:/0:0:0:0:0:0:0:1:53752 - R:/0:0:0:0:0:0:0:1:53785]: Not closing server connection on middle chunk for /otdsws/login?RFA=eyJhbGciOiJub25lIn0.eyJwb3N0VGlja2V0Ijp0cnVlLCJwb3N0UGFyYW1zIjp0cnVlLCJsb2dvblN0eWxlIjoic2lnbmluLWNzIiwidXhWZXJzaW9uIjoyLCJmb3J3YXJkQWRkcmVzcyI6Imh0dHA6Ly9vdC1ubG1rLWJlLWRldjIub3QuZGV2LmxvY2FsL09UQ1MvY3MuZXhlP2Z1bmM9b3Rkc2ludGVncmF0aW9uLnJlZGlyZWN0Jk5leHRVUkw9aHR0cCUzQSUyRiUyRm90JTJEbmxtayUyRGJlJTJEZGV2MiUyRW90JTJFZGV2JTJFbG9jYWwlMkZPVENTJTJGY3MlMkVleGUlMkZhcHAmZ2V0VFoiLCJyZXNvdXJjZUlEIjoiMmM2MWU0OTEtYzMwNi00YTQyLTg2OWQtM2NkZDRmMmEwZDc1In0&fragment=
10:01:34.763 [LittleProxy-0-ProxyToServerWorker-2] DEBUG o.l.p.impl.ClientToProxyConnection - (AWAITING_INITIAL) [id: 0x6ca54756, L:/0:0:0:0:0:0:0:1:53752 - R:/0:0:0:0:0:0:0:1:53785]: Not closing client connection on middle chunk for /otdsws/login?RFA=eyJhbGciOiJub25lIn0.eyJwb3N0VGlja2V0Ijp0cnVlLCJwb3N0UGFyYW1zIjp0cnVlLCJsb2dvblN0eWxlIjoic2lnbmluLWNzIiwidXhWZXJzaW9uIjoyLCJmb3J3YXJkQWRkcmVzcyI6Imh0dHA6Ly9vdC1ubG1rLWJlLWRldjIub3QuZGV2LmxvY2FsL09UQ1MvY3MuZXhlP2Z1bmM9b3Rkc2ludGVncmF0aW9uLnJlZGlyZWN0Jk5leHRVUkw9aHR0cCUzQSUyRiUyRm90JTJEbmxtayUyRGJlJTJEZGV2MiUyRW90JTJFZGV2JTJFbG9jYWwlMkZPVENTJTJGY3MlMkVleGUlMkZhcHAmZ2V0VFoiLCJyZXNvdXJjZUlEIjoiMmM2MWU0OTEtYzMwNi00YTQyLTg2OWQtM2NkZDRmMmEwZDc1In0&fragment=
10:01:34.763 [LittleProxy-0-ProxyToServerWorker-2] DEBUG o.l.p.impl.ProxyToServerConnection - (AWAITING_CHUNK) [id: 0xa0024915, L:/192.168.99.169:53786 - R:nlmk.terralink-global.com/10.100.102.102:80]: Reading: DefaultHttpContent(data: SlicedAbstractByteBuf(ridx: 0, widx: 512, cap: 512/512, unwrapped: UnpooledByteBufAllocator$InstrumentedUnpooledUnsafeNoCleanerDirectByteBuf(ridx: 512, widx: 512, cap: 512)), decoderResult: success)
10:01:34.763 [LittleProxy-0-ProxyToServerWorker-2] DEBUG o.l.p.impl.ClientToProxyConnection - (AWAITING_INITIAL) [id: 0x6ca54756, L:/0:0:0:0:0:0:0:1:53752 - R:/0:0:0:0:0:0:0:1:53785]: Retaining reference counted message
10:01:34.763 [LittleProxy-0-ProxyToServerWorker-2] DEBUG o.l.p.impl.ClientToProxyConnection - (AWAITING_INITIAL) [id: 0x6ca54756, L:/0:0:0:0:0:0:0:1:53752 - R:/0:0:0:0:0:0:0:1:53785]: Writing: DefaultHttpContent(data: SlicedAbstractByteBuf(ridx: 0, widx: 512, cap: 512/512, unwrapped: UnpooledByteBufAllocator$InstrumentedUnpooledUnsafeNoCleanerDirectByteBuf(ridx: 512, widx: 512, cap: 512)), decoderResult: success)
10:01:34.763 [LittleProxy-0-ProxyToServerWorker-2] DEBUG o.l.p.impl.ClientToProxyConnection - (AWAITING_INITIAL) [id: 0x6ca54756, L:/0:0:0:0:0:0:0:1:53752 - R:/0:0:0:0:0:0:0:1:53785]: Wrote: DefaultHttpContent(data: SlicedAbstractByteBuf(ridx: 0, widx: 512, cap: 512/512, unwrapped: UnpooledByteBufAllocator$InstrumentedUnpooledUnsafeNoCleanerDirectByteBuf(ridx: 512, widx: 512, cap: 512)), decoderResult: success)
10:01:34.764 [LittleProxy-0-ProxyToServerWorker-2] DEBUG o.l.p.impl.ClientToProxyConnection - (AWAITING_INITIAL) [id: 0x6ca54756, L:/0:0:0:0:0:0:0:1:53752 - R:/0:0:0:0:0:0:0:1:53785]: Not closing server connection on middle chunk for /otdsws/login?RFA=eyJhbGciOiJub25lIn0.eyJwb3N0VGlja2V0Ijp0cnVlLCJwb3N0UGFyYW1zIjp0cnVlLCJsb2dvblN0eWxlIjoic2lnbmluLWNzIiwidXhWZXJzaW9uIjoyLCJmb3J3YXJkQWRkcmVzcyI6Imh0dHA6Ly9vdC1ubG1rLWJlLWRldjIub3QuZGV2LmxvY2FsL09UQ1MvY3MuZXhlP2Z1bmM9b3Rkc2ludGVncmF0aW9uLnJlZGlyZWN0Jk5leHRVUkw9aHR0cCUzQSUyRiUyRm90JTJEbmxtayUyRGJlJTJEZGV2MiUyRW90JTJFZGV2JTJFbG9jYWwlMkZPVENTJTJGY3MlMkVleGUlMkZhcHAmZ2V0VFoiLCJyZXNvdXJjZUlEIjoiMmM2MWU0OTEtYzMwNi00YTQyLTg2OWQtM2NkZDRmMmEwZDc1In0&fragment=
10:01:34.764 [LittleProxy-0-ProxyToServerWorker-2] DEBUG o.l.p.impl.ClientToProxyConnection - (AWAITING_INITIAL) [id: 0x6ca54756, L:/0:0:0:0:0:0:0:1:53752 - R:/0:0:0:0:0:0:0:1:53785]: Not closing client connection on middle chunk for /otdsws/login?RFA=eyJhbGciOiJub25lIn0.eyJwb3N0VGlja2V0Ijp0cnVlLCJwb3N0UGFyYW1zIjp0cnVlLCJsb2dvblN0eWxlIjoic2lnbmluLWNzIiwidXhWZXJzaW9uIjoyLCJmb3J3YXJkQWRkcmVzcyI6Imh0dHA6Ly9vdC1ubG1rLWJlLWRldjIub3QuZGV2LmxvY2FsL09UQ1MvY3MuZXhlP2Z1bmM9b3Rkc2ludGVncmF0aW9uLnJlZGlyZWN0Jk5leHRVUkw9aHR0cCUzQSUyRiUyRm90JTJEbmxtayUyRGJlJTJEZGV2MiUyRW90JTJFZGV2JTJFbG9jYWwlMkZPVENTJTJGY3MlMkVleGUlMkZhcHAmZ2V0VFoiLCJyZXNvdXJjZUlEIjoiMmM2MWU0OTEtYzMwNi00YTQyLTg2OWQtM2NkZDRmMmEwZDc1In0&fragment=
10:01:34.764 [LittleProxy-0-ProxyToServerWorker-2] DEBUG o.l.p.impl.ProxyToServerConnection - (AWAITING_CHUNK) [id: 0xa0024915, L:/192.168.99.169:53786 - R:nlmk.terralink-global.com/10.100.102.102:80]: Reading: DefaultHttpContent(data: SlicedAbstractByteBuf(ridx: 0, widx: 512, cap: 512/512, unwrapped: UnpooledByteBufAllocator$InstrumentedUnpooledUnsafeNoCleanerDirectByteBuf(ridx: 512, widx: 512, cap: 512)), decoderResult: success)
10:01:34.764 [LittleProxy-0-ProxyToServerWorker-2] DEBUG o.l.p.impl.ClientToProxyConnection - (AWAITING_INITIAL) [id: 0x6ca54756, L:/0:0:0:0:0:0:0:1:53752 - R:/0:0:0:0:0:0:0:1:53785]: Retaining reference counted message
10:01:34.764 [LittleProxy-0-ProxyToServerWorker-2] DEBUG o.l.p.impl.ClientToProxyConnection - (AWAITING_INITIAL) [id: 0x6ca54756, L:/0:0:0:0:0:0:0:1:53752 - R:/0:0:0:0:0:0:0:1:53785]: Writing: DefaultHttpContent(data: SlicedAbstractByteBuf(ridx: 0, widx: 512, cap: 512/512, unwrapped: UnpooledByteBufAllocator$InstrumentedUnpooledUnsafeNoCleanerDirectByteBuf(ridx: 512, widx: 512, cap: 512)), decoderResult: success)
10:01:34.764 [LittleProxy-0-ProxyToServerWorker-2] DEBUG o.l.p.impl.ClientToProxyConnection - (AWAITING_INITIAL) [id: 0x6ca54756, L:/0:0:0:0:0:0:0:1:53752 - R:/0:0:0:0:0:0:0:1:53785]: Wrote: DefaultHttpContent(data: SlicedAbstractByteBuf(ridx: 0, widx: 512, cap: 512/512, unwrapped: UnpooledByteBufAllocator$InstrumentedUnpooledUnsafeNoCleanerDirectByteBuf(ridx: 512, widx: 512, cap: 512)), decoderResult: success)
10:01:34.764 [LittleProxy-0-ProxyToServerWorker-2] DEBUG o.l.p.impl.ClientToProxyConnection - (AWAITING_INITIAL) [id: 0x6ca54756, L:/0:0:0:0:0:0:0:1:53752 - R:/0:0:0:0:0:0:0:1:53785]: Not closing server connection on middle chunk for /otdsws/login?RFA=eyJhbGciOiJub25lIn0.eyJwb3N0VGlja2V0Ijp0cnVlLCJwb3N0UGFyYW1zIjp0cnVlLCJsb2dvblN0eWxlIjoic2lnbmluLWNzIiwidXhWZXJzaW9uIjoyLCJmb3J3YXJkQWRkcmVzcyI6Imh0dHA6Ly9vdC1ubG1rLWJlLWRldjIub3QuZGV2LmxvY2FsL09UQ1MvY3MuZXhlP2Z1bmM9b3Rkc2ludGVncmF0aW9uLnJlZGlyZWN0Jk5leHRVUkw9aHR0cCUzQSUyRiUyRm90JTJEbmxtayUyRGJlJTJEZGV2MiUyRW90JTJFZGV2JTJFbG9jYWwlMkZPVENTJTJGY3MlMkVleGUlMkZhcHAmZ2V0VFoiLCJyZXNvdXJjZUlEIjoiMmM2MWU0OTEtYzMwNi00YTQyLTg2OWQtM2NkZDRmMmEwZDc1In0&fragment=
10:01:34.764 [LittleProxy-0-ProxyToServerWorker-2] DEBUG o.l.p.impl.ClientToProxyConnection - (AWAITING_INITIAL) [id: 0x6ca54756, L:/0:0:0:0:0:0:0:1:53752 - R:/0:0:0:0:0:0:0:1:53785]: Not closing client connection on middle chunk for /otdsws/login?RFA=eyJhbGciOiJub25lIn0.eyJwb3N0VGlja2V0Ijp0cnVlLCJwb3N0UGFyYW1zIjp0cnVlLCJsb2dvblN0eWxlIjoic2lnbmluLWNzIiwidXhWZXJzaW9uIjoyLCJmb3J3YXJkQWRkcmVzcyI6Imh0dHA6Ly9vdC1ubG1rLWJlLWRldjIub3QuZGV2LmxvY2FsL09UQ1MvY3MuZXhlP2Z1bmM9b3Rkc2ludGVncmF0aW9uLnJlZGlyZWN0Jk5leHRVUkw9aHR0cCUzQSUyRiUyRm90JTJEbmxtayUyRGJlJTJEZGV2MiUyRW90JTJFZGV2JTJFbG9jYWwlMkZPVENTJTJGY3MlMkVleGUlMkZhcHAmZ2V0VFoiLCJyZXNvdXJjZUlEIjoiMmM2MWU0OTEtYzMwNi00YTQyLTg2OWQtM2NkZDRmMmEwZDc1In0&fragment=
10:01:34.765 [LittleProxy-0-ProxyToServerWorker-2] DEBUG o.l.p.impl.ProxyToServerConnection - (AWAITING_CHUNK) [id: 0xa0024915, L:/192.168.99.169:53786 - R:nlmk.terralink-global.com/10.100.102.102:80]: Reading: DefaultHttpContent(data: SlicedAbstractByteBuf(ridx: 0, widx: 512, cap: 512/512, unwrapped: UnpooledByteBufAllocator$InstrumentedUnpooledUnsafeNoCleanerDirectByteBuf(ridx: 512, widx: 512, cap: 512)), decoderResult: success)
10:01:34.765 [LittleProxy-0-ProxyToServerWorker-2] DEBUG o.l.p.impl.ClientToProxyConnection - (AWAITING_INITIAL) [id: 0x6ca54756, L:/0:0:0:0:0:0:0:1:53752 - R:/0:0:0:0:0:0:0:1:53785]: Retaining reference counted message
10:01:34.765 [LittleProxy-0-ProxyToServerWorker-2] DEBUG o.l.p.impl.ClientToProxyConnection - (AWAITING_INITIAL) [id: 0x6ca54756, L:/0:0:0:0:0:0:0:1:53752 - R:/0:0:0:0:0:0:0:1:53785]: Writing: DefaultHttpContent(data: SlicedAbstractByteBuf(ridx: 0, widx: 512, cap: 512/512, unwrapped: UnpooledByteBufAllocator$InstrumentedUnpooledUnsafeNoCleanerDirectByteBuf(ridx: 512, widx: 512, cap: 512)), decoderResult: success)
10:01:34.765 [LittleProxy-0-ProxyToServerWorker-2] DEBUG o.l.p.impl.ClientToProxyConnection - (AWAITING_INITIAL) [id: 0x6ca54756, L:/0:0:0:0:0:0:0:1:53752 - R:/0:0:0:0:0:0:0:1:53785]: Wrote: DefaultHttpContent(data: SlicedAbstractByteBuf(ridx: 0, widx: 512, cap: 512/512, unwrapped: UnpooledByteBufAllocator$InstrumentedUnpooledUnsafeNoCleanerDirectByteBuf(ridx: 512, widx: 512, cap: 512)), decoderResult: success)
10:01:34.765 [LittleProxy-0-ProxyToServerWorker-2] DEBUG o.l.p.impl.ClientToProxyConnection - (AWAITING_INITIAL) [id: 0x6ca54756, L:/0:0:0:0:0:0:0:1:53752 - R:/0:0:0:0:0:0:0:1:53785]: Not closing server connection on middle chunk for /otdsws/login?RFA=eyJhbGciOiJub25lIn0.eyJwb3N0VGlja2V0Ijp0cnVlLCJwb3N0UGFyYW1zIjp0cnVlLCJsb2dvblN0eWxlIjoic2lnbmluLWNzIiwidXhWZXJzaW9uIjoyLCJmb3J3YXJkQWRkcmVzcyI6Imh0dHA6Ly9vdC1ubG1rLWJlLWRldjIub3QuZGV2LmxvY2FsL09UQ1MvY3MuZXhlP2Z1bmM9b3Rkc2ludGVncmF0aW9uLnJlZGlyZWN0Jk5leHRVUkw9aHR0cCUzQSUyRiUyRm90JTJEbmxtayUyRGJlJTJEZGV2MiUyRW90JTJFZGV2JTJFbG9jYWwlMkZPVENTJTJGY3MlMkVleGUlMkZhcHAmZ2V0VFoiLCJyZXNvdXJjZUlEIjoiMmM2MWU0OTEtYzMwNi00YTQyLTg2OWQtM2NkZDRmMmEwZDc1In0&fragment=
10:01:34.765 [LittleProxy-0-ProxyToServerWorker-2] DEBUG o.l.p.impl.ClientToProxyConnection - (AWAITING_INITIAL) [id: 0x6ca54756, L:/0:0:0:0:0:0:0:1:53752 - R:/0:0:0:0:0:0:0:1:53785]: Not closing client connection on middle chunk for /otdsws/login?RFA=eyJhbGciOiJub25lIn0.eyJwb3N0VGlja2V0Ijp0cnVlLCJwb3N0UGFyYW1zIjp0cnVlLCJsb2dvblN0eWxlIjoic2lnbmluLWNzIiwidXhWZXJzaW9uIjoyLCJmb3J3YXJkQWRkcmVzcyI6Imh0dHA6Ly9vdC1ubG1rLWJlLWRldjIub3QuZGV2LmxvY2FsL09UQ1MvY3MuZXhlP2Z1bmM9b3Rkc2ludGVncmF0aW9uLnJlZGlyZWN0Jk5leHRVUkw9aHR0cCUzQSUyRiUyRm90JTJEbmxtayUyRGJlJTJEZGV2MiUyRW90JTJFZGV2JTJFbG9jYWwlMkZPVENTJTJGY3MlMkVleGUlMkZhcHAmZ2V0VFoiLCJyZXNvdXJjZUlEIjoiMmM2MWU0OTEtYzMwNi00YTQyLTg2OWQtM2NkZDRmMmEwZDc1In0&fragment=
10:01:34.765 [LittleProxy-0-ProxyToServerWorker-2] DEBUG o.l.p.impl.ProxyToServerConnection - (AWAITING_CHUNK) [id: 0xa0024915, L:/192.168.99.169:53786 - R:nlmk.terralink-global.com/10.100.102.102:80]: Reading: DefaultHttpContent(data: SlicedAbstractByteBuf(ridx: 0, widx: 512, cap: 512/512, unwrapped: UnpooledByteBufAllocator$InstrumentedUnpooledUnsafeNoCleanerDirectByteBuf(ridx: 512, widx: 512, cap: 512)), decoderResult: success)
10:01:34.766 [LittleProxy-0-ProxyToServerWorker-2] DEBUG o.l.p.impl.ClientToProxyConnection - (AWAITING_INITIAL) [id: 0x6ca54756, L:/0:0:0:0:0:0:0:1:53752 - R:/0:0:0:0:0:0:0:1:53785]: Retaining reference counted message
10:01:34.766 [LittleProxy-0-ProxyToServerWorker-2] DEBUG o.l.p.impl.ClientToProxyConnection - (AWAITING_INITIAL) [id: 0x6ca54756, L:/0:0:0:0:0:0:0:1:53752 - R:/0:0:0:0:0:0:0:1:53785]: Writing: DefaultHttpContent(data: SlicedAbstractByteBuf(ridx: 0, widx: 512, cap: 512/512, unwrapped: UnpooledByteBufAllocator$InstrumentedUnpooledUnsafeNoCleanerDirectByteBuf(ridx: 512, widx: 512, cap: 512)), decoderResult: success)
10:01:34.766 [LittleProxy-0-ProxyToServerWorker-2] DEBUG o.l.p.impl.ClientToProxyConnection - (AWAITING_INITIAL) [id: 0x6ca54756, L:/0:0:0:0:0:0:0:1:53752 - R:/0:0:0:0:0:0:0:1:53785]: Wrote: DefaultHttpContent(data: SlicedAbstractByteBuf(ridx: 0, widx: 512, cap: 512/512, unwrapped: UnpooledByteBufAllocator$InstrumentedUnpooledUnsafeNoCleanerDirectByteBuf(ridx: 512, widx: 512, cap: 512)), decoderResult: success)
10:01:34.766 [LittleProxy-0-ProxyToServerWorker-2] DEBUG o.l.p.impl.ClientToProxyConnection - (AWAITING_INITIAL) [id: 0x6ca54756, L:/0:0:0:0:0:0:0:1:53752 - R:/0:0:0:0:0:0:0:1:53785]: Not closing server connection on middle chunk for /otdsws/login?RFA=eyJhbGciOiJub25lIn0.eyJwb3N0VGlja2V0Ijp0cnVlLCJwb3N0UGFyYW1zIjp0cnVlLCJsb2dvblN0eWxlIjoic2lnbmluLWNzIiwidXhWZXJzaW9uIjoyLCJmb3J3YXJkQWRkcmVzcyI6Imh0dHA6Ly9vdC1ubG1rLWJlLWRldjIub3QuZGV2LmxvY2FsL09UQ1MvY3MuZXhlP2Z1bmM9b3Rkc2ludGVncmF0aW9uLnJlZGlyZWN0Jk5leHRVUkw9aHR0cCUzQSUyRiUyRm90JTJEbmxtayUyRGJlJTJEZGV2MiUyRW90JTJFZGV2JTJFbG9jYWwlMkZPVENTJTJGY3MlMkVleGUlMkZhcHAmZ2V0VFoiLCJyZXNvdXJjZUlEIjoiMmM2MWU0OTEtYzMwNi00YTQyLTg2OWQtM2NkZDRmMmEwZDc1In0&fragment=
10:01:34.766 [LittleProxy-0-ProxyToServerWorker-2] DEBUG o.l.p.impl.ClientToProxyConnection - (AWAITING_INITIAL) [id: 0x6ca54756, L:/0:0:0:0:0:0:0:1:53752 - R:/0:0:0:0:0:0:0:1:53785]: Not closing client connection on middle chunk for /otdsws/login?RFA=eyJhbGciOiJub25lIn0.eyJwb3N0VGlja2V0Ijp0cnVlLCJwb3N0UGFyYW1zIjp0cnVlLCJsb2dvblN0eWxlIjoic2lnbmluLWNzIiwidXhWZXJzaW9uIjoyLCJmb3J3YXJkQWRkcmVzcyI6Imh0dHA6Ly9vdC1ubG1rLWJlLWRldjIub3QuZGV2LmxvY2FsL09UQ1MvY3MuZXhlP2Z1bmM9b3Rkc2ludGVncmF0aW9uLnJlZGlyZWN0Jk5leHRVUkw9aHR0cCUzQSUyRiUyRm90JTJEbmxtayUyRGJlJTJEZGV2MiUyRW90JTJFZGV2JTJFbG9jYWwlMkZPVENTJTJGY3MlMkVleGUlMkZhcHAmZ2V0VFoiLCJyZXNvdXJjZUlEIjoiMmM2MWU0OTEtYzMwNi00YTQyLTg2OWQtM2NkZDRmMmEwZDc1In0&fragment=
10:01:34.766 [LittleProxy-0-ProxyToServerWorker-2] DEBUG o.l.p.impl.ProxyToServerConnection - (AWAITING_CHUNK) [id: 0xa0024915, L:/192.168.99.169:53786 - R:nlmk.terralink-global.com/10.100.102.102:80]: Reading: DefaultHttpContent(data: SlicedAbstractByteBuf(ridx: 0, widx: 512, cap: 512/512, unwrapped: UnpooledByteBufAllocator$InstrumentedUnpooledUnsafeNoCleanerDirectByteBuf(ridx: 512, widx: 512, cap: 512)), decoderResult: success)
10:01:34.766 [LittleProxy-0-ProxyToServerWorker-2] DEBUG o.l.p.impl.ClientToProxyConnection - (AWAITING_INITIAL) [id: 0x6ca54756, L:/0:0:0:0:0:0:0:1:53752 - R:/0:0:0:0:0:0:0:1:53785]: Retaining reference counted message
10:01:34.766 [LittleProxy-0-ProxyToServerWorker-2] DEBUG o.l.p.impl.ClientToProxyConnection - (AWAITING_INITIAL) [id: 0x6ca54756, L:/0:0:0:0:0:0:0:1:53752 - R:/0:0:0:0:0:0:0:1:53785]: Writing: DefaultHttpContent(data: SlicedAbstractByteBuf(ridx: 0, widx: 512, cap: 512/512, unwrapped: UnpooledByteBufAllocator$InstrumentedUnpooledUnsafeNoCleanerDirectByteBuf(ridx: 512, widx: 512, cap: 512)), decoderResult: success)
10:01:34.767 [LittleProxy-0-ProxyToServerWorker-2] DEBUG o.l.p.impl.ClientToProxyConnection - (AWAITING_INITIAL) [id: 0x6ca54756, L:/0:0:0:0:0:0:0:1:53752 - R:/0:0:0:0:0:0:0:1:53785]: Wrote: DefaultHttpContent(data: SlicedAbstractByteBuf(ridx: 0, widx: 512, cap: 512/512, unwrapped: UnpooledByteBufAllocator$InstrumentedUnpooledUnsafeNoCleanerDirectByteBuf(ridx: 512, widx: 512, cap: 512)), decoderResult: success)
10:01:34.767 [LittleProxy-0-ProxyToServerWorker-2] DEBUG o.l.p.impl.ClientToProxyConnection - (AWAITING_INITIAL) [id: 0x6ca54756, L:/0:0:0:0:0:0:0:1:53752 - R:/0:0:0:0:0:0:0:1:53785]: Not closing server connection on middle chunk for /otdsws/login?RFA=eyJhbGciOiJub25lIn0.eyJwb3N0VGlja2V0Ijp0cnVlLCJwb3N0UGFyYW1zIjp0cnVlLCJsb2dvblN0eWxlIjoic2lnbmluLWNzIiwidXhWZXJzaW9uIjoyLCJmb3J3YXJkQWRkcmVzcyI6Imh0dHA6Ly9vdC1ubG1rLWJlLWRldjIub3QuZGV2LmxvY2FsL09UQ1MvY3MuZXhlP2Z1bmM9b3Rkc2ludGVncmF0aW9uLnJlZGlyZWN0Jk5leHRVUkw9aHR0cCUzQSUyRiUyRm90JTJEbmxtayUyRGJlJTJEZGV2MiUyRW90JTJFZGV2JTJFbG9jYWwlMkZPVENTJTJGY3MlMkVleGUlMkZhcHAmZ2V0VFoiLCJyZXNvdXJjZUlEIjoiMmM2MWU0OTEtYzMwNi00YTQyLTg2OWQtM2NkZDRmMmEwZDc1In0&fragment=
10:01:34.767 [LittleProxy-0-ProxyToServerWorker-2] DEBUG o.l.p.impl.ClientToProxyConnection - (AWAITING_INITIAL) [id: 0x6ca54756, L:/0:0:0:0:0:0:0:1:53752 - R:/0:0:0:0:0:0:0:1:53785]: Not closing client connection on middle chunk for /otdsws/login?RFA=eyJhbGciOiJub25lIn0.eyJwb3N0VGlja2V0Ijp0cnVlLCJwb3N0UGFyYW1zIjp0cnVlLCJsb2dvblN0eWxlIjoic2lnbmluLWNzIiwidXhWZXJzaW9uIjoyLCJmb3J3YXJkQWRkcmVzcyI6Imh0dHA6Ly9vdC1ubG1rLWJlLWRldjIub3QuZGV2LmxvY2FsL09UQ1MvY3MuZXhlP2Z1bmM9b3Rkc2ludGVncmF0aW9uLnJlZGlyZWN0Jk5leHRVUkw9aHR0cCUzQSUyRiUyRm90JTJEbmxtayUyRGJlJTJEZGV2MiUyRW90JTJFZGV2JTJFbG9jYWwlMkZPVENTJTJGY3MlMkVleGUlMkZhcHAmZ2V0VFoiLCJyZXNvdXJjZUlEIjoiMmM2MWU0OTEtYzMwNi00YTQyLTg2OWQtM2NkZDRmMmEwZDc1In0&fragment=
10:01:34.767 [LittleProxy-0-ProxyToServerWorker-2] DEBUG o.l.p.impl.ProxyToServerConnection - (AWAITING_CHUNK) [id: 0xa0024915, L:/192.168.99.169:53786 - R:nlmk.terralink-global.com/10.100.102.102:80]: Reading: DefaultHttpContent(data: SlicedAbstractByteBuf(ridx: 0, widx: 512, cap: 512/512, unwrapped: UnpooledByteBufAllocator$InstrumentedUnpooledUnsafeNoCleanerDirectByteBuf(ridx: 512, widx: 512, cap: 512)), decoderResult: success)
10:01:34.767 [LittleProxy-0-ProxyToServerWorker-2] DEBUG o.l.p.impl.ClientToProxyConnection - (AWAITING_INITIAL) [id: 0x6ca54756, L:/0:0:0:0:0:0:0:1:53752 - R:/0:0:0:0:0:0:0:1:53785]: Retaining reference counted message
10:01:34.767 [LittleProxy-0-ProxyToServerWorker-2] DEBUG o.l.p.impl.ClientToProxyConnection - (AWAITING_INITIAL) [id: 0x6ca54756, L:/0:0:0:0:0:0:0:1:53752 - R:/0:0:0:0:0:0:0:1:53785]: Writing: DefaultHttpContent(data: SlicedAbstractByteBuf(ridx: 0, widx: 512, cap: 512/512, unwrapped: UnpooledByteBufAllocator$InstrumentedUnpooledUnsafeNoCleanerDirectByteBuf(ridx: 512, widx: 512, cap: 512)), decoderResult: success)
10:01:34.767 [LittleProxy-0-ProxyToServerWorker-2] DEBUG o.l.p.impl.ClientToProxyConnection - (AWAITING_INITIAL) [id: 0x6ca54756, L:/0:0:0:0:0:0:0:1:53752 - R:/0:0:0:0:0:0:0:1:53785]: Wrote: DefaultHttpContent(data: SlicedAbstractByteBuf(ridx: 0, widx: 512, cap: 512/512, unwrapped: UnpooledByteBufAllocator$InstrumentedUnpooledUnsafeNoCleanerDirectByteBuf(ridx: 512, widx: 512, cap: 512)), decoderResult: success)
10:01:34.767 [LittleProxy-0-ProxyToServerWorker-2] DEBUG o.l.p.impl.ClientToProxyConnection - (AWAITING_INITIAL) [id: 0x6ca54756, L:/0:0:0:0:0:0:0:1:53752 - R:/0:0:0:0:0:0:0:1:53785]: Not closing server connection on middle chunk for /otdsws/login?RFA=eyJhbGciOiJub25lIn0.eyJwb3N0VGlja2V0Ijp0cnVlLCJwb3N0UGFyYW1zIjp0cnVlLCJsb2dvblN0eWxlIjoic2lnbmluLWNzIiwidXhWZXJzaW9uIjoyLCJmb3J3YXJkQWRkcmVzcyI6Imh0dHA6Ly9vdC1ubG1rLWJlLWRldjIub3QuZGV2LmxvY2FsL09UQ1MvY3MuZXhlP2Z1bmM9b3Rkc2ludGVncmF0aW9uLnJlZGlyZWN0Jk5leHRVUkw9aHR0cCUzQSUyRiUyRm90JTJEbmxtayUyRGJlJTJEZGV2MiUyRW90JTJFZGV2JTJFbG9jYWwlMkZPVENTJTJGY3MlMkVleGUlMkZhcHAmZ2V0VFoiLCJyZXNvdXJjZUlEIjoiMmM2MWU0OTEtYzMwNi00YTQyLTg2OWQtM2NkZDRmMmEwZDc1In0&fragment=
10:01:34.767 [LittleProxy-0-ProxyToServerWorker-2] DEBUG o.l.p.impl.ClientToProxyConnection - (AWAITING_INITIAL) [id: 0x6ca54756, L:/0:0:0:0:0:0:0:1:53752 - R:/0:0:0:0:0:0:0:1:53785]: Not closing client connection on middle chunk for /otdsws/login?RFA=eyJhbGciOiJub25lIn0.eyJwb3N0VGlja2V0Ijp0cnVlLCJwb3N0UGFyYW1zIjp0cnVlLCJsb2dvblN0eWxlIjoic2lnbmluLWNzIiwidXhWZXJzaW9uIjoyLCJmb3J3YXJkQWRkcmVzcyI6Imh0dHA6Ly9vdC1ubG1rLWJlLWRldjIub3QuZGV2LmxvY2FsL09UQ1MvY3MuZXhlP2Z1bmM9b3Rkc2ludGVncmF0aW9uLnJlZGlyZWN0Jk5leHRVUkw9aHR0cCUzQSUyRiUyRm90JTJEbmxtayUyRGJlJTJEZGV2MiUyRW90JTJFZGV2JTJFbG9jYWwlMkZPVENTJTJGY3MlMkVleGUlMkZhcHAmZ2V0VFoiLCJyZXNvdXJjZUlEIjoiMmM2MWU0OTEtYzMwNi00YTQyLTg2OWQtM2NkZDRmMmEwZDc1In0&fragment=
10:01:34.768 [LittleProxy-0-ProxyToServerWorker-2] DEBUG o.l.p.impl.ProxyToServerConnection - (AWAITING_CHUNK) [id: 0xa0024915, L:/192.168.99.169:53786 - R:nlmk.terralink-global.com/10.100.102.102:80]: Reading: DefaultHttpContent(data: SlicedAbstractByteBuf(ridx: 0, widx: 512, cap: 512/512, unwrapped: UnpooledByteBufAllocator$InstrumentedUnpooledUnsafeNoCleanerDirectByteBuf(ridx: 512, widx: 512, cap: 512)), decoderResult: success)
10:01:34.768 [LittleProxy-0-ProxyToServerWorker-2] DEBUG o.l.p.impl.ClientToProxyConnection - (AWAITING_INITIAL) [id: 0x6ca54756, L:/0:0:0:0:0:0:0:1:53752 - R:/0:0:0:0:0:0:0:1:53785]: Retaining reference counted message
10:01:34.768 [LittleProxy-0-ProxyToServerWorker-2] DEBUG o.l.p.impl.ClientToProxyConnection - (AWAITING_INITIAL) [id: 0x6ca54756, L:/0:0:0:0:0:0:0:1:53752 - R:/0:0:0:0:0:0:0:1:53785]: Writing: DefaultHttpContent(data: SlicedAbstractByteBuf(ridx: 0, widx: 512, cap: 512/512, unwrapped: UnpooledByteBufAllocator$InstrumentedUnpooledUnsafeNoCleanerDirectByteBuf(ridx: 512, widx: 512, cap: 512)), decoderResult: success)
10:01:34.768 [LittleProxy-0-ProxyToServerWorker-2] DEBUG o.l.p.impl.ClientToProxyConnection - (AWAITING_INITIAL) [id: 0x6ca54756, L:/0:0:0:0:0:0:0:1:53752 - R:/0:0:0:0:0:0:0:1:53785]: Wrote: DefaultHttpContent(data: SlicedAbstractByteBuf(ridx: 0, widx: 512, cap: 512/512, unwrapped: UnpooledByteBufAllocator$InstrumentedUnpooledUnsafeNoCleanerDirectByteBuf(ridx: 512, widx: 512, cap: 512)), decoderResult: success)
10:01:34.768 [LittleProxy-0-ProxyToServerWorker-2] DEBUG o.l.p.impl.ClientToProxyConnection - (AWAITING_INITIAL) [id: 0x6ca54756, L:/0:0:0:0:0:0:0:1:53752 - R:/0:0:0:0:0:0:0:1:53785]: Not closing server connection on middle chunk for /otdsws/login?RFA=eyJhbGciOiJub25lIn0.eyJwb3N0VGlja2V0Ijp0cnVlLCJwb3N0UGFyYW1zIjp0cnVlLCJsb2dvblN0eWxlIjoic2lnbmluLWNzIiwidXhWZXJzaW9uIjoyLCJmb3J3YXJkQWRkcmVzcyI6Imh0dHA6Ly9vdC1ubG1rLWJlLWRldjIub3QuZGV2LmxvY2FsL09UQ1MvY3MuZXhlP2Z1bmM9b3Rkc2ludGVncmF0aW9uLnJlZGlyZWN0Jk5leHRVUkw9aHR0cCUzQSUyRiUyRm90JTJEbmxtayUyRGJlJTJEZGV2MiUyRW90JTJFZGV2JTJFbG9jYWwlMkZPVENTJTJGY3MlMkVleGUlMkZhcHAmZ2V0VFoiLCJyZXNvdXJjZUlEIjoiMmM2MWU0OTEtYzMwNi00YTQyLTg2OWQtM2NkZDRmMmEwZDc1In0&fragment=
10:01:34.768 [LittleProxy-0-ProxyToServerWorker-2] DEBUG o.l.p.impl.ClientToProxyConnection - (AWAITING_INITIAL) [id: 0x6ca54756, L:/0:0:0:0:0:0:0:1:53752 - R:/0:0:0:0:0:0:0:1:53785]: Not closing client connection on middle chunk for /otdsws/login?RFA=eyJhbGciOiJub25lIn0.eyJwb3N0VGlja2V0Ijp0cnVlLCJwb3N0UGFyYW1zIjp0cnVlLCJsb2dvblN0eWxlIjoic2lnbmluLWNzIiwidXhWZXJzaW9uIjoyLCJmb3J3YXJkQWRkcmVzcyI6Imh0dHA6Ly9vdC1ubG1rLWJlLWRldjIub3QuZGV2LmxvY2FsL09UQ1MvY3MuZXhlP2Z1bmM9b3Rkc2ludGVncmF0aW9uLnJlZGlyZWN0Jk5leHRVUkw9aHR0cCUzQSUyRiUyRm90JTJEbmxtayUyRGJlJTJEZGV2MiUyRW90JTJFZGV2JTJFbG9jYWwlMkZPVENTJTJGY3MlMkVleGUlMkZhcHAmZ2V0VFoiLCJyZXNvdXJjZUlEIjoiMmM2MWU0OTEtYzMwNi00YTQyLTg2OWQtM2NkZDRmMmEwZDc1In0&fragment=
10:01:34.768 [LittleProxy-0-ProxyToServerWorker-2] DEBUG o.l.p.impl.ProxyToServerConnection - (AWAITING_CHUNK) [id: 0xa0024915, L:/192.168.99.169:53786 - R:nlmk.terralink-global.com/10.100.102.102:80]: Reading: DefaultHttpContent(data: SlicedAbstractByteBuf(ridx: 0, widx: 512, cap: 512/512, unwrapped: UnpooledByteBufAllocator$InstrumentedUnpooledUnsafeNoCleanerDirectByteBuf(ridx: 512, widx: 512, cap: 512)), decoderResult: success)
10:01:34.769 [LittleProxy-0-ProxyToServerWorker-2] DEBUG o.l.p.impl.ClientToProxyConnection - (AWAITING_INITIAL) [id: 0x6ca54756, L:/0:0:0:0:0:0:0:1:53752 - R:/0:0:0:0:0:0:0:1:53785]: Retaining reference counted message
10:01:34.769 [LittleProxy-0-ProxyToServerWorker-2] DEBUG o.l.p.impl.ClientToProxyConnection - (AWAITING_INITIAL) [id: 0x6ca54756, L:/0:0:0:0:0:0:0:1:53752 - R:/0:0:0:0:0:0:0:1:53785]: Writing: DefaultHttpContent(data: SlicedAbstractByteBuf(ridx: 0, widx: 512, cap: 512/512, unwrapped: UnpooledByteBufAllocator$InstrumentedUnpooledUnsafeNoCleanerDirectByteBuf(ridx: 512, widx: 512, cap: 512)), decoderResult: success)
10:01:34.769 [LittleProxy-0-ProxyToServerWorker-2] DEBUG o.l.p.impl.ClientToProxyConnection - (AWAITING_INITIAL) [id: 0x6ca54756, L:/0:0:0:0:0:0:0:1:53752 - R:/0:0:0:0:0:0:0:1:53785]: Wrote: DefaultHttpContent(data: SlicedAbstractByteBuf(ridx: 0, widx: 512, cap: 512/512, unwrapped: UnpooledByteBufAllocator$InstrumentedUnpooledUnsafeNoCleanerDirectByteBuf(ridx: 512, widx: 512, cap: 512)), decoderResult: success)
10:01:34.769 [LittleProxy-0-ProxyToServerWorker-2] DEBUG o.l.p.impl.ClientToProxyConnection - (AWAITING_INITIAL) [id: 0x6ca54756, L:/0:0:0:0:0:0:0:1:53752 - R:/0:0:0:0:0:0:0:1:53785]: Not closing server connection on middle chunk for /otdsws/login?RFA=eyJhbGciOiJub25lIn0.eyJwb3N0VGlja2V0Ijp0cnVlLCJwb3N0UGFyYW1zIjp0cnVlLCJsb2dvblN0eWxlIjoic2lnbmluLWNzIiwidXhWZXJzaW9uIjoyLCJmb3J3YXJkQWRkcmVzcyI6Imh0dHA6Ly9vdC1ubG1rLWJlLWRldjIub3QuZGV2LmxvY2FsL09UQ1MvY3MuZXhlP2Z1bmM9b3Rkc2ludGVncmF0aW9uLnJlZGlyZWN0Jk5leHRVUkw9aHR0cCUzQSUyRiUyRm90JTJEbmxtayUyRGJlJTJEZGV2MiUyRW90JTJFZGV2JTJFbG9jYWwlMkZPVENTJTJGY3MlMkVleGUlMkZhcHAmZ2V0VFoiLCJyZXNvdXJjZUlEIjoiMmM2MWU0OTEtYzMwNi00YTQyLTg2OWQtM2NkZDRmMmEwZDc1In0&fragment=
10:01:34.769 [LittleProxy-0-ProxyToServerWorker-2] DEBUG o.l.p.impl.ClientToProxyConnection - (AWAITING_INITIAL) [id: 0x6ca54756, L:/0:0:0:0:0:0:0:1:53752 - R:/0:0:0:0:0:0:0:1:53785]: Not closing client connection on middle chunk for /otdsws/login?RFA=eyJhbGciOiJub25lIn0.eyJwb3N0VGlja2V0Ijp0cnVlLCJwb3N0UGFyYW1zIjp0cnVlLCJsb2dvblN0eWxlIjoic2lnbmluLWNzIiwidXhWZXJzaW9uIjoyLCJmb3J3YXJkQWRkcmVzcyI6Imh0dHA6Ly9vdC1ubG1rLWJlLWRldjIub3QuZGV2LmxvY2FsL09UQ1MvY3MuZXhlP2Z1bmM9b3Rkc2ludGVncmF0aW9uLnJlZGlyZWN0Jk5leHRVUkw9aHR0cCUzQSUyRiUyRm90JTJEbmxtayUyRGJlJTJEZGV2MiUyRW90JTJFZGV2JTJFbG9jYWwlMkZPVENTJTJGY3MlMkVleGUlMkZhcHAmZ2V0VFoiLCJyZXNvdXJjZUlEIjoiMmM2MWU0OTEtYzMwNi00YTQyLTg2OWQtM2NkZDRmMmEwZDc1In0&fragment=
10:01:34.769 [LittleProxy-0-ProxyToServerWorker-2] DEBUG o.l.p.impl.ProxyToServerConnection - (AWAITING_CHUNK) [id: 0xa0024915, L:/192.168.99.169:53786 - R:nlmk.terralink-global.com/10.100.102.102:80]: Reading: DefaultHttpContent(data: SlicedAbstractByteBuf(ridx: 0, widx: 512, cap: 512/512, unwrapped: UnpooledByteBufAllocator$InstrumentedUnpooledUnsafeNoCleanerDirectByteBuf(ridx: 512, widx: 512, cap: 512)), decoderResult: success)
10:01:34.769 [LittleProxy-0-ProxyToServerWorker-2] DEBUG o.l.p.impl.ClientToProxyConnection - (AWAITING_INITIAL) [id: 0x6ca54756, L:/0:0:0:0:0:0:0:1:53752 - R:/0:0:0:0:0:0:0:1:53785]: Retaining reference counted message
10:01:34.769 [LittleProxy-0-ProxyToServerWorker-2] DEBUG o.l.p.impl.ClientToProxyConnection - (AWAITING_INITIAL) [id: 0x6ca54756, L:/0:0:0:0:0:0:0:1:53752 - R:/0:0:0:0:0:0:0:1:53785]: Writing: DefaultHttpContent(data: SlicedAbstractByteBuf(ridx: 0, widx: 512, cap: 512/512, unwrapped: UnpooledByteBufAllocator$InstrumentedUnpooledUnsafeNoCleanerDirectByteBuf(ridx: 512, widx: 512, cap: 512)), decoderResult: success)
10:01:34.770 [LittleProxy-0-ProxyToServerWorker-2] DEBUG o.l.p.impl.ClientToProxyConnection - (AWAITING_INITIAL) [id: 0x6ca54756, L:/0:0:0:0:0:0:0:1:53752 - R:/0:0:0:0:0:0:0:1:53785]: Wrote: DefaultHttpContent(data: SlicedAbstractByteBuf(ridx: 0, widx: 512, cap: 512/512, unwrapped: UnpooledByteBufAllocator$InstrumentedUnpooledUnsafeNoCleanerDirectByteBuf(ridx: 512, widx: 512, cap: 512)), decoderResult: success)
10:01:34.770 [LittleProxy-0-ProxyToServerWorker-2] DEBUG o.l.p.impl.ClientToProxyConnection - (AWAITING_INITIAL) [id: 0x6ca54756, L:/0:0:0:0:0:0:0:1:53752 - R:/0:0:0:0:0:0:0:1:53785]: Not closing server connection on middle chunk for /otdsws/login?RFA=eyJhbGciOiJub25lIn0.eyJwb3N0VGlja2V0Ijp0cnVlLCJwb3N0UGFyYW1zIjp0cnVlLCJsb2dvblN0eWxlIjoic2lnbmluLWNzIiwidXhWZXJzaW9uIjoyLCJmb3J3YXJkQWRkcmVzcyI6Imh0dHA6Ly9vdC1ubG1rLWJlLWRldjIub3QuZGV2LmxvY2FsL09UQ1MvY3MuZXhlP2Z1bmM9b3Rkc2ludGVncmF0aW9uLnJlZGlyZWN0Jk5leHRVUkw9aHR0cCUzQSUyRiUyRm90JTJEbmxtayUyRGJlJTJEZGV2MiUyRW90JTJFZGV2JTJFbG9jYWwlMkZPVENTJTJGY3MlMkVleGUlMkZhcHAmZ2V0VFoiLCJyZXNvdXJjZUlEIjoiMmM2MWU0OTEtYzMwNi00YTQyLTg2OWQtM2NkZDRmMmEwZDc1In0&fragment=
10:01:34.770 [LittleProxy-0-ProxyToServerWorker-2] DEBUG o.l.p.impl.ClientToProxyConnection - (AWAITING_INITIAL) [id: 0x6ca54756, L:/0:0:0:0:0:0:0:1:53752 - R:/0:0:0:0:0:0:0:1:53785]: Not closing client connection on middle chunk for /otdsws/login?RFA=eyJhbGciOiJub25lIn0.eyJwb3N0VGlja2V0Ijp0cnVlLCJwb3N0UGFyYW1zIjp0cnVlLCJsb2dvblN0eWxlIjoic2lnbmluLWNzIiwidXhWZXJzaW9uIjoyLCJmb3J3YXJkQWRkcmVzcyI6Imh0dHA6Ly9vdC1ubG1rLWJlLWRldjIub3QuZGV2LmxvY2FsL09UQ1MvY3MuZXhlP2Z1bmM9b3Rkc2ludGVncmF0aW9uLnJlZGlyZWN0Jk5leHRVUkw9aHR0cCUzQSUyRiUyRm90JTJEbmxtayUyRGJlJTJEZGV2MiUyRW90JTJFZGV2JTJFbG9jYWwlMkZPVENTJTJGY3MlMkVleGUlMkZhcHAmZ2V0VFoiLCJyZXNvdXJjZUlEIjoiMmM2MWU0OTEtYzMwNi00YTQyLTg2OWQtM2NkZDRmMmEwZDc1In0&fragment=
10:01:34.770 [LittleProxy-0-ProxyToServerWorker-2] DEBUG o.l.p.impl.ProxyToServerConnection - (AWAITING_CHUNK) [id: 0xa0024915, L:/192.168.99.169:53786 - R:nlmk.terralink-global.com/10.100.102.102:80]: Reading: DefaultHttpContent(data: SlicedAbstractByteBuf(ridx: 0, widx: 512, cap: 512/512, unwrapped: UnpooledByteBufAllocator$InstrumentedUnpooledUnsafeNoCleanerDirectByteBuf(ridx: 512, widx: 512, cap: 512)), decoderResult: success)
10:01:34.770 [LittleProxy-0-ProxyToServerWorker-2] DEBUG o.l.p.impl.ClientToProxyConnection - (AWAITING_INITIAL) [id: 0x6ca54756, L:/0:0:0:0:0:0:0:1:53752 - R:/0:0:0:0:0:0:0:1:53785]: Retaining reference counted message
10:01:34.770 [LittleProxy-0-ProxyToServerWorker-2] DEBUG o.l.p.impl.ClientToProxyConnection - (AWAITING_INITIAL) [id: 0x6ca54756, L:/0:0:0:0:0:0:0:1:53752 - R:/0:0:0:0:0:0:0:1:53785]: Writing: DefaultHttpContent(data: SlicedAbstractByteBuf(ridx: 0, widx: 512, cap: 512/512, unwrapped: UnpooledByteBufAllocator$InstrumentedUnpooledUnsafeNoCleanerDirectByteBuf(ridx: 512, widx: 512, cap: 512)), decoderResult: success)
10:01:34.770 [LittleProxy-0-ProxyToServerWorker-2] DEBUG o.l.p.impl.ClientToProxyConnection - (AWAITING_INITIAL) [id: 0x6ca54756, L:/0:0:0:0:0:0:0:1:53752 - R:/0:0:0:0:0:0:0:1:53785]: Wrote: DefaultHttpContent(data: SlicedAbstractByteBuf(ridx: 0, widx: 512, cap: 512/512, unwrapped: UnpooledByteBufAllocator$InstrumentedUnpooledUnsafeNoCleanerDirectByteBuf(ridx: 512, widx: 512, cap: 512)), decoderResult: success)
10:01:34.770 [LittleProxy-0-ProxyToServerWorker-2] DEBUG o.l.p.impl.ClientToProxyConnection - (AWAITING_INITIAL) [id: 0x6ca54756, L:/0:0:0:0:0:0:0:1:53752 - R:/0:0:0:0:0:0:0:1:53785]: Not closing server connection on middle chunk for /otdsws/login?RFA=eyJhbGciOiJub25lIn0.eyJwb3N0VGlja2V0Ijp0cnVlLCJwb3N0UGFyYW1zIjp0cnVlLCJsb2dvblN0eWxlIjoic2lnbmluLWNzIiwidXhWZXJzaW9uIjoyLCJmb3J3YXJkQWRkcmVzcyI6Imh0dHA6Ly9vdC1ubG1rLWJlLWRldjIub3QuZGV2LmxvY2FsL09UQ1MvY3MuZXhlP2Z1bmM9b3Rkc2ludGVncmF0aW9uLnJlZGlyZWN0Jk5leHRVUkw9aHR0cCUzQSUyRiUyRm90JTJEbmxtayUyRGJlJTJEZGV2MiUyRW90JTJFZGV2JTJFbG9jYWwlMkZPVENTJTJGY3MlMkVleGUlMkZhcHAmZ2V0VFoiLCJyZXNvdXJjZUlEIjoiMmM2MWU0OTEtYzMwNi00YTQyLTg2OWQtM2NkZDRmMmEwZDc1In0&fragment=
10:01:34.771 [LittleProxy-0-ProxyToServerWorker-2] DEBUG o.l.p.impl.ClientToProxyConnection - (AWAITING_INITIAL) [id: 0x6ca54756, L:/0:0:0:0:0:0:0:1:53752 - R:/0:0:0:0:0:0:0:1:53785]: Not closing client connection on middle chunk for /otdsws/login?RFA=eyJhbGciOiJub25lIn0.eyJwb3N0VGlja2V0Ijp0cnVlLCJwb3N0UGFyYW1zIjp0cnVlLCJsb2dvblN0eWxlIjoic2lnbmluLWNzIiwidXhWZXJzaW9uIjoyLCJmb3J3YXJkQWRkcmVzcyI6Imh0dHA6Ly9vdC1ubG1rLWJlLWRldjIub3QuZGV2LmxvY2FsL09UQ1MvY3MuZXhlP2Z1bmM9b3Rkc2ludGVncmF0aW9uLnJlZGlyZWN0Jk5leHRVUkw9aHR0cCUzQSUyRiUyRm90JTJEbmxtayUyRGJlJTJEZGV2MiUyRW90JTJFZGV2JTJFbG9jYWwlMkZPVENTJTJGY3MlMkVleGUlMkZhcHAmZ2V0VFoiLCJyZXNvdXJjZUlEIjoiMmM2MWU0OTEtYzMwNi00YTQyLTg2OWQtM2NkZDRmMmEwZDc1In0&fragment=
10:01:34.771 [LittleProxy-0-ProxyToServerWorker-2] DEBUG o.l.p.impl.ProxyToServerConnection - (AWAITING_CHUNK) [id: 0xa0024915, L:/192.168.99.169:53786 - R:nlmk.terralink-global.com/10.100.102.102:80]: Reading: DefaultHttpContent(data: SlicedAbstractByteBuf(ridx: 0, widx: 512, cap: 512/512, unwrapped: UnpooledByteBufAllocator$InstrumentedUnpooledUnsafeNoCleanerDirectByteBuf(ridx: 512, widx: 512, cap: 512)), decoderResult: success)
10:01:34.771 [LittleProxy-0-ProxyToServerWorker-2] DEBUG o.l.p.impl.ClientToProxyConnection - (AWAITING_INITIAL) [id: 0x6ca54756, L:/0:0:0:0:0:0:0:1:53752 - R:/0:0:0:0:0:0:0:1:53785]: Retaining reference counted message
10:01:34.771 [LittleProxy-0-ProxyToServerWorker-2] DEBUG o.l.p.impl.ClientToProxyConnection - (AWAITING_INITIAL) [id: 0x6ca54756, L:/0:0:0:0:0:0:0:1:53752 - R:/0:0:0:0:0:0:0:1:53785]: Writing: DefaultHttpContent(data: SlicedAbstractByteBuf(ridx: 0, widx: 512, cap: 512/512, unwrapped: UnpooledByteBufAllocator$InstrumentedUnpooledUnsafeNoCleanerDirectByteBuf(ridx: 512, widx: 512, cap: 512)), decoderResult: success)
10:01:34.771 [LittleProxy-0-ProxyToServerWorker-2] DEBUG o.l.p.impl.ClientToProxyConnection - (AWAITING_INITIAL) [id: 0x6ca54756, L:/0:0:0:0:0:0:0:1:53752 - R:/0:0:0:0:0:0:0:1:53785]: Wrote: DefaultHttpContent(data: SlicedAbstractByteBuf(ridx: 0, widx: 512, cap: 512/512, unwrapped: UnpooledByteBufAllocator$InstrumentedUnpooledUnsafeNoCleanerDirectByteBuf(ridx: 512, widx: 512, cap: 512)), decoderResult: success)
10:01:34.771 [LittleProxy-0-ProxyToServerWorker-2] DEBUG o.l.p.impl.ClientToProxyConnection - (AWAITING_INITIAL) [id: 0x6ca54756, L:/0:0:0:0:0:0:0:1:53752 - R:/0:0:0:0:0:0:0:1:53785]: Not closing server connection on middle chunk for /otdsws/login?RFA=eyJhbGciOiJub25lIn0.eyJwb3N0VGlja2V0Ijp0cnVlLCJwb3N0UGFyYW1zIjp0cnVlLCJsb2dvblN0eWxlIjoic2lnbmluLWNzIiwidXhWZXJzaW9uIjoyLCJmb3J3YXJkQWRkcmVzcyI6Imh0dHA6Ly9vdC1ubG1rLWJlLWRldjIub3QuZGV2LmxvY2FsL09UQ1MvY3MuZXhlP2Z1bmM9b3Rkc2ludGVncmF0aW9uLnJlZGlyZWN0Jk5leHRVUkw9aHR0cCUzQSUyRiUyRm90JTJEbmxtayUyRGJlJTJEZGV2MiUyRW90JTJFZGV2JTJFbG9jYWwlMkZPVENTJTJGY3MlMkVleGUlMkZhcHAmZ2V0VFoiLCJyZXNvdXJjZUlEIjoiMmM2MWU0OTEtYzMwNi00YTQyLTg2OWQtM2NkZDRmMmEwZDc1In0&fragment=
10:01:34.771 [LittleProxy-0-ProxyToServerWorker-2] DEBUG o.l.p.impl.ClientToProxyConnection - (AWAITING_INITIAL) [id: 0x6ca54756, L:/0:0:0:0:0:0:0:1:53752 - R:/0:0:0:0:0:0:0:1:53785]: Not closing client connection on middle chunk for /otdsws/login?RFA=eyJhbGciOiJub25lIn0.eyJwb3N0VGlja2V0Ijp0cnVlLCJwb3N0UGFyYW1zIjp0cnVlLCJsb2dvblN0eWxlIjoic2lnbmluLWNzIiwidXhWZXJzaW9uIjoyLCJmb3J3YXJkQWRkcmVzcyI6Imh0dHA6Ly9vdC1ubG1rLWJlLWRldjIub3QuZGV2LmxvY2FsL09UQ1MvY3MuZXhlP2Z1bmM9b3Rkc2ludGVncmF0aW9uLnJlZGlyZWN0Jk5leHRVUkw9aHR0cCUzQSUyRiUyRm90JTJEbmxtayUyRGJlJTJEZGV2MiUyRW90JTJFZGV2JTJFbG9jYWwlMkZPVENTJTJGY3MlMkVleGUlMkZhcHAmZ2V0VFoiLCJyZXNvdXJjZUlEIjoiMmM2MWU0OTEtYzMwNi00YTQyLTg2OWQtM2NkZDRmMmEwZDc1In0&fragment=
10:01:34.772 [LittleProxy-0-ProxyToServerWorker-2] DEBUG o.l.p.impl.ProxyToServerConnection - (AWAITING_CHUNK) [id: 0xa0024915, L:/192.168.99.169:53786 - R:nlmk.terralink-global.com/10.100.102.102:80]: Reading: DefaultHttpContent(data: SlicedAbstractByteBuf(ridx: 0, widx: 512, cap: 512/512, unwrapped: UnpooledByteBufAllocator$InstrumentedUnpooledUnsafeNoCleanerDirectByteBuf(ridx: 512, widx: 512, cap: 512)), decoderResult: success)
10:01:34.772 [LittleProxy-0-ProxyToServerWorker-2] DEBUG o.l.p.impl.ClientToProxyConnection - (AWAITING_INITIAL) [id: 0x6ca54756, L:/0:0:0:0:0:0:0:1:53752 - R:/0:0:0:0:0:0:0:1:53785]: Retaining reference counted message
10:01:34.772 [LittleProxy-0-ProxyToServerWorker-2] DEBUG o.l.p.impl.ClientToProxyConnection - (AWAITING_INITIAL) [id: 0x6ca54756, L:/0:0:0:0:0:0:0:1:53752 - R:/0:0:0:0:0:0:0:1:53785]: Writing: DefaultHttpContent(data: SlicedAbstractByteBuf(ridx: 0, widx: 512, cap: 512/512, unwrapped: UnpooledByteBufAllocator$InstrumentedUnpooledUnsafeNoCleanerDirectByteBuf(ridx: 512, widx: 512, cap: 512)), decoderResult: success)
10:01:34.772 [LittleProxy-0-ProxyToServerWorker-2] DEBUG o.l.p.impl.ClientToProxyConnection - (AWAITING_INITIAL) [id: 0x6ca54756, L:/0:0:0:0:0:0:0:1:53752 - R:/0:0:0:0:0:0:0:1:53785]: Wrote: DefaultHttpContent(data: SlicedAbstractByteBuf(ridx: 0, widx: 512, cap: 512/512, unwrapped: UnpooledByteBufAllocator$InstrumentedUnpooledUnsafeNoCleanerDirectByteBuf(ridx: 512, widx: 512, cap: 512)), decoderResult: success)
10:01:34.772 [LittleProxy-0-ProxyToServerWorker-2] DEBUG o.l.p.impl.ClientToProxyConnection - (AWAITING_INITIAL) [id: 0x6ca54756, L:/0:0:0:0:0:0:0:1:53752 - R:/0:0:0:0:0:0:0:1:53785]: Not closing server connection on middle chunk for /otdsws/login?RFA=eyJhbGciOiJub25lIn0.eyJwb3N0VGlja2V0Ijp0cnVlLCJwb3N0UGFyYW1zIjp0cnVlLCJsb2dvblN0eWxlIjoic2lnbmluLWNzIiwidXhWZXJzaW9uIjoyLCJmb3J3YXJkQWRkcmVzcyI6Imh0dHA6Ly9vdC1ubG1rLWJlLWRldjIub3QuZGV2LmxvY2FsL09UQ1MvY3MuZXhlP2Z1bmM9b3Rkc2ludGVncmF0aW9uLnJlZGlyZWN0Jk5leHRVUkw9aHR0cCUzQSUyRiUyRm90JTJEbmxtayUyRGJlJTJEZGV2MiUyRW90JTJFZGV2JTJFbG9jYWwlMkZPVENTJTJGY3MlMkVleGUlMkZhcHAmZ2V0VFoiLCJyZXNvdXJjZUlEIjoiMmM2MWU0OTEtYzMwNi00YTQyLTg2OWQtM2NkZDRmMmEwZDc1In0&fragment=
10:01:34.772 [LittleProxy-0-ProxyToServerWorker-2] DEBUG o.l.p.impl.ClientToProxyConnection - (AWAITING_INITIAL) [id: 0x6ca54756, L:/0:0:0:0:0:0:0:1:53752 - R:/0:0:0:0:0:0:0:1:53785]: Not closing client connection on middle chunk for /otdsws/login?RFA=eyJhbGciOiJub25lIn0.eyJwb3N0VGlja2V0Ijp0cnVlLCJwb3N0UGFyYW1zIjp0cnVlLCJsb2dvblN0eWxlIjoic2lnbmluLWNzIiwidXhWZXJzaW9uIjoyLCJmb3J3YXJkQWRkcmVzcyI6Imh0dHA6Ly9vdC1ubG1rLWJlLWRldjIub3QuZGV2LmxvY2FsL09UQ1MvY3MuZXhlP2Z1bmM9b3Rkc2ludGVncmF0aW9uLnJlZGlyZWN0Jk5leHRVUkw9aHR0cCUzQSUyRiUyRm90JTJEbmxtayUyRGJlJTJEZGV2MiUyRW90JTJFZGV2JTJFbG9jYWwlMkZPVENTJTJGY3MlMkVleGUlMkZhcHAmZ2V0VFoiLCJyZXNvdXJjZUlEIjoiMmM2MWU0OTEtYzMwNi00YTQyLTg2OWQtM2NkZDRmMmEwZDc1In0&fragment=
10:01:34.773 [LittleProxy-0-ProxyToServerWorker-2] DEBUG o.l.p.impl.ProxyToServerConnection - (AWAITING_CHUNK) [id: 0xa0024915, L:/192.168.99.169:53786 - R:nlmk.terralink-global.com/10.100.102.102:80]: Reading: DefaultHttpContent(data: SlicedAbstractByteBuf(ridx: 0, widx: 512, cap: 512/512, unwrapped: UnpooledByteBufAllocator$InstrumentedUnpooledUnsafeNoCleanerDirectByteBuf(ridx: 512, widx: 512, cap: 512)), decoderResult: success)
10:01:34.773 [LittleProxy-0-ProxyToServerWorker-2] DEBUG o.l.p.impl.ClientToProxyConnection - (AWAITING_INITIAL) [id: 0x6ca54756, L:/0:0:0:0:0:0:0:1:53752 - R:/0:0:0:0:0:0:0:1:53785]: Retaining reference counted message
10:01:34.773 [LittleProxy-0-ProxyToServerWorker-2] DEBUG o.l.p.impl.ClientToProxyConnection - (AWAITING_INITIAL) [id: 0x6ca54756, L:/0:0:0:0:0:0:0:1:53752 - R:/0:0:0:0:0:0:0:1:53785]: Writing: DefaultHttpContent(data: SlicedAbstractByteBuf(ridx: 0, widx: 512, cap: 512/512, unwrapped: UnpooledByteBufAllocator$InstrumentedUnpooledUnsafeNoCleanerDirectByteBuf(ridx: 512, widx: 512, cap: 512)), decoderResult: success)
10:01:34.773 [LittleProxy-0-ProxyToServerWorker-2] DEBUG o.l.p.impl.ClientToProxyConnection - (AWAITING_INITIAL) [id: 0x6ca54756, L:/0:0:0:0:0:0:0:1:53752 - R:/0:0:0:0:0:0:0:1:53785]: Wrote: DefaultHttpContent(data: SlicedAbstractByteBuf(ridx: 0, widx: 512, cap: 512/512, unwrapped: UnpooledByteBufAllocator$InstrumentedUnpooledUnsafeNoCleanerDirectByteBuf(ridx: 512, widx: 512, cap: 512)), decoderResult: success)
10:01:34.773 [LittleProxy-0-ProxyToServerWorker-2] DEBUG o.l.p.impl.ClientToProxyConnection - (AWAITING_INITIAL) [id: 0x6ca54756, L:/0:0:0:0:0:0:0:1:53752 - R:/0:0:0:0:0:0:0:1:53785]: Not closing server connection on middle chunk for /otdsws/login?RFA=eyJhbGciOiJub25lIn0.eyJwb3N0VGlja2V0Ijp0cnVlLCJwb3N0UGFyYW1zIjp0cnVlLCJsb2dvblN0eWxlIjoic2lnbmluLWNzIiwidXhWZXJzaW9uIjoyLCJmb3J3YXJkQWRkcmVzcyI6Imh0dHA6Ly9vdC1ubG1rLWJlLWRldjIub3QuZGV2LmxvY2FsL09UQ1MvY3MuZXhlP2Z1bmM9b3Rkc2ludGVncmF0aW9uLnJlZGlyZWN0Jk5leHRVUkw9aHR0cCUzQSUyRiUyRm90JTJEbmxtayUyRGJlJTJEZGV2MiUyRW90JTJFZGV2JTJFbG9jYWwlMkZPVENTJTJGY3MlMkVleGUlMkZhcHAmZ2V0VFoiLCJyZXNvdXJjZUlEIjoiMmM2MWU0OTEtYzMwNi00YTQyLTg2OWQtM2NkZDRmMmEwZDc1In0&fragment=
10:01:34.773 [LittleProxy-0-ProxyToServerWorker-2] DEBUG o.l.p.impl.ClientToProxyConnection - (AWAITING_INITIAL) [id: 0x6ca54756, L:/0:0:0:0:0:0:0:1:53752 - R:/0:0:0:0:0:0:0:1:53785]: Not closing client connection on middle chunk for /otdsws/login?RFA=eyJhbGciOiJub25lIn0.eyJwb3N0VGlja2V0Ijp0cnVlLCJwb3N0UGFyYW1zIjp0cnVlLCJsb2dvblN0eWxlIjoic2lnbmluLWNzIiwidXhWZXJzaW9uIjoyLCJmb3J3YXJkQWRkcmVzcyI6Imh0dHA6Ly9vdC1ubG1rLWJlLWRldjIub3QuZGV2LmxvY2FsL09UQ1MvY3MuZXhlP2Z1bmM9b3Rkc2ludGVncmF0aW9uLnJlZGlyZWN0Jk5leHRVUkw9aHR0cCUzQSUyRiUyRm90JTJEbmxtayUyRGJlJTJEZGV2MiUyRW90JTJFZGV2JTJFbG9jYWwlMkZPVENTJTJGY3MlMkVleGUlMkZhcHAmZ2V0VFoiLCJyZXNvdXJjZUlEIjoiMmM2MWU0OTEtYzMwNi00YTQyLTg2OWQtM2NkZDRmMmEwZDc1In0&fragment=
10:01:34.774 [LittleProxy-0-ProxyToServerWorker-2] DEBUG o.l.p.impl.ProxyToServerConnection - (AWAITING_CHUNK) [id: 0xa0024915, L:/192.168.99.169:53786 - R:nlmk.terralink-global.com/10.100.102.102:80]: Reading: DefaultHttpContent(data: SlicedAbstractByteBuf(ridx: 0, widx: 512, cap: 512/512, unwrapped: UnpooledByteBufAllocator$InstrumentedUnpooledUnsafeNoCleanerDirectByteBuf(ridx: 512, widx: 512, cap: 512)), decoderResult: success)
10:01:34.774 [LittleProxy-0-ProxyToServerWorker-2] DEBUG o.l.p.impl.ClientToProxyConnection - (AWAITING_INITIAL) [id: 0x6ca54756, L:/0:0:0:0:0:0:0:1:53752 - R:/0:0:0:0:0:0:0:1:53785]: Retaining reference counted message
10:01:34.774 [LittleProxy-0-ProxyToServerWorker-2] DEBUG o.l.p.impl.ClientToProxyConnection - (AWAITING_INITIAL) [id: 0x6ca54756, L:/0:0:0:0:0:0:0:1:53752 - R:/0:0:0:0:0:0:0:1:53785]: Writing: DefaultHttpContent(data: SlicedAbstractByteBuf(ridx: 0, widx: 512, cap: 512/512, unwrapped: UnpooledByteBufAllocator$InstrumentedUnpooledUnsafeNoCleanerDirectByteBuf(ridx: 512, widx: 512, cap: 512)), decoderResult: success)
10:01:34.774 [LittleProxy-0-ProxyToServerWorker-2] DEBUG o.l.p.impl.ClientToProxyConnection - (AWAITING_INITIAL) [id: 0x6ca54756, L:/0:0:0:0:0:0:0:1:53752 - R:/0:0:0:0:0:0:0:1:53785]: Wrote: DefaultHttpContent(data: SlicedAbstractByteBuf(ridx: 0, widx: 512, cap: 512/512, unwrapped: UnpooledByteBufAllocator$InstrumentedUnpooledUnsafeNoCleanerDirectByteBuf(ridx: 512, widx: 512, cap: 512)), decoderResult: success)
10:01:34.774 [LittleProxy-0-ProxyToServerWorker-2] DEBUG o.l.p.impl.ClientToProxyConnection - (AWAITING_INITIAL) [id: 0x6ca54756, L:/0:0:0:0:0:0:0:1:53752 - R:/0:0:0:0:0:0:0:1:53785]: Not closing server connection on middle chunk for /otdsws/login?RFA=eyJhbGciOiJub25lIn0.eyJwb3N0VGlja2V0Ijp0cnVlLCJwb3N0UGFyYW1zIjp0cnVlLCJsb2dvblN0eWxlIjoic2lnbmluLWNzIiwidXhWZXJzaW9uIjoyLCJmb3J3YXJkQWRkcmVzcyI6Imh0dHA6Ly9vdC1ubG1rLWJlLWRldjIub3QuZGV2LmxvY2FsL09UQ1MvY3MuZXhlP2Z1bmM9b3Rkc2ludGVncmF0aW9uLnJlZGlyZWN0Jk5leHRVUkw9aHR0cCUzQSUyRiUyRm90JTJEbmxtayUyRGJlJTJEZGV2MiUyRW90JTJFZGV2JTJFbG9jYWwlMkZPVENTJTJGY3MlMkVleGUlMkZhcHAmZ2V0VFoiLCJyZXNvdXJjZUlEIjoiMmM2MWU0OTEtYzMwNi00YTQyLTg2OWQtM2NkZDRmMmEwZDc1In0&fragment=
10:01:34.774 [LittleProxy-0-ProxyToServerWorker-2] DEBUG o.l.p.impl.ClientToProxyConnection - (AWAITING_INITIAL) [id: 0x6ca54756, L:/0:0:0:0:0:0:0:1:53752 - R:/0:0:0:0:0:0:0:1:53785]: Not closing client connection on middle chunk for /otdsws/login?RFA=eyJhbGciOiJub25lIn0.eyJwb3N0VGlja2V0Ijp0cnVlLCJwb3N0UGFyYW1zIjp0cnVlLCJsb2dvblN0eWxlIjoic2lnbmluLWNzIiwidXhWZXJzaW9uIjoyLCJmb3J3YXJkQWRkcmVzcyI6Imh0dHA6Ly9vdC1ubG1rLWJlLWRldjIub3QuZGV2LmxvY2FsL09UQ1MvY3MuZXhlP2Z1bmM9b3Rkc2ludGVncmF0aW9uLnJlZGlyZWN0Jk5leHRVUkw9aHR0cCUzQSUyRiUyRm90JTJEbmxtayUyRGJlJTJEZGV2MiUyRW90JTJFZGV2JTJFbG9jYWwlMkZPVENTJTJGY3MlMkVleGUlMkZhcHAmZ2V0VFoiLCJyZXNvdXJjZUlEIjoiMmM2MWU0OTEtYzMwNi00YTQyLTg2OWQtM2NkZDRmMmEwZDc1In0&fragment=
10:01:34.775 [LittleProxy-0-ProxyToServerWorker-2] DEBUG o.l.p.impl.ProxyToServerConnection - (AWAITING_CHUNK) [id: 0xa0024915, L:/192.168.99.169:53786 - R:nlmk.terralink-global.com/10.100.102.102:80]: Reading: DefaultHttpContent(data: SlicedAbstractByteBuf(ridx: 0, widx: 512, cap: 512/512, unwrapped: UnpooledByteBufAllocator$InstrumentedUnpooledUnsafeNoCleanerDirectByteBuf(ridx: 512, widx: 512, cap: 512)), decoderResult: success)
10:01:34.775 [LittleProxy-0-ProxyToServerWorker-2] DEBUG o.l.p.impl.ClientToProxyConnection - (AWAITING_INITIAL) [id: 0x6ca54756, L:/0:0:0:0:0:0:0:1:53752 - R:/0:0:0:0:0:0:0:1:53785]: Retaining reference counted message
10:01:34.775 [LittleProxy-0-ProxyToServerWorker-2] DEBUG o.l.p.impl.ClientToProxyConnection - (AWAITING_INITIAL) [id: 0x6ca54756, L:/0:0:0:0:0:0:0:1:53752 - R:/0:0:0:0:0:0:0:1:53785]: Writing: DefaultHttpContent(data: SlicedAbstractByteBuf(ridx: 0, widx: 512, cap: 512/512, unwrapped: UnpooledByteBufAllocator$InstrumentedUnpooledUnsafeNoCleanerDirectByteBuf(ridx: 512, widx: 512, cap: 512)), decoderResult: success)
10:01:34.775 [LittleProxy-0-ProxyToServerWorker-2] DEBUG o.l.p.impl.ClientToProxyConnection - (AWAITING_INITIAL) [id: 0x6ca54756, L:/0:0:0:0:0:0:0:1:53752 - R:/0:0:0:0:0:0:0:1:53785]: Wrote: DefaultHttpContent(data: SlicedAbstractByteBuf(ridx: 0, widx: 512, cap: 512/512, unwrapped: UnpooledByteBufAllocator$InstrumentedUnpooledUnsafeNoCleanerDirectByteBuf(ridx: 512, widx: 512, cap: 512)), decoderResult: success)
10:01:34.775 [LittleProxy-0-ProxyToServerWorker-2] DEBUG o.l.p.impl.ClientToProxyConnection - (AWAITING_INITIAL) [id: 0x6ca54756, L:/0:0:0:0:0:0:0:1:53752 - R:/0:0:0:0:0:0:0:1:53785]: Not closing server connection on middle chunk for /otdsws/login?RFA=eyJhbGciOiJub25lIn0.eyJwb3N0VGlja2V0Ijp0cnVlLCJwb3N0UGFyYW1zIjp0cnVlLCJsb2dvblN0eWxlIjoic2lnbmluLWNzIiwidXhWZXJzaW9uIjoyLCJmb3J3YXJkQWRkcmVzcyI6Imh0dHA6Ly9vdC1ubG1rLWJlLWRldjIub3QuZGV2LmxvY2FsL09UQ1MvY3MuZXhlP2Z1bmM9b3Rkc2ludGVncmF0aW9uLnJlZGlyZWN0Jk5leHRVUkw9aHR0cCUzQSUyRiUyRm90JTJEbmxtayUyRGJlJTJEZGV2MiUyRW90JTJFZGV2JTJFbG9jYWwlMkZPVENTJTJGY3MlMkVleGUlMkZhcHAmZ2V0VFoiLCJyZXNvdXJjZUlEIjoiMmM2MWU0OTEtYzMwNi00YTQyLTg2OWQtM2NkZDRmMmEwZDc1In0&fragment=
10:01:34.775 [LittleProxy-0-ProxyToServerWorker-2] DEBUG o.l.p.impl.ClientToProxyConnection - (AWAITING_INITIAL) [id: 0x6ca54756, L:/0:0:0:0:0:0:0:1:53752 - R:/0:0:0:0:0:0:0:1:53785]: Not closing client connection on middle chunk for /otdsws/login?RFA=eyJhbGciOiJub25lIn0.eyJwb3N0VGlja2V0Ijp0cnVlLCJwb3N0UGFyYW1zIjp0cnVlLCJsb2dvblN0eWxlIjoic2lnbmluLWNzIiwidXhWZXJzaW9uIjoyLCJmb3J3YXJkQWRkcmVzcyI6Imh0dHA6Ly9vdC1ubG1rLWJlLWRldjIub3QuZGV2LmxvY2FsL09UQ1MvY3MuZXhlP2Z1bmM9b3Rkc2ludGVncmF0aW9uLnJlZGlyZWN0Jk5leHRVUkw9aHR0cCUzQSUyRiUyRm90JTJEbmxtayUyRGJlJTJEZGV2MiUyRW90JTJFZGV2JTJFbG9jYWwlMkZPVENTJTJGY3MlMkVleGUlMkZhcHAmZ2V0VFoiLCJyZXNvdXJjZUlEIjoiMmM2MWU0OTEtYzMwNi00YTQyLTg2OWQtM2NkZDRmMmEwZDc1In0&fragment=
10:01:34.776 [LittleProxy-0-ProxyToServerWorker-2] DEBUG o.l.p.impl.ProxyToServerConnection - (AWAITING_CHUNK) [id: 0xa0024915, L:/192.168.99.169:53786 - R:nlmk.terralink-global.com/10.100.102.102:80]: Reading: DefaultHttpContent(data: SlicedAbstractByteBuf(ridx: 0, widx: 476, cap: 476/476, unwrapped: UnpooledByteBufAllocator$InstrumentedUnpooledUnsafeNoCleanerDirectByteBuf(ridx: 478, widx: 483, cap: 8192)), decoderResult: success)
10:01:34.776 [LittleProxy-0-ProxyToServerWorker-2] DEBUG o.l.p.impl.ClientToProxyConnection - (AWAITING_INITIAL) [id: 0x6ca54756, L:/0:0:0:0:0:0:0:1:53752 - R:/0:0:0:0:0:0:0:1:53785]: Retaining reference counted message
10:01:34.776 [LittleProxy-0-ProxyToServerWorker-2] DEBUG o.l.p.impl.ClientToProxyConnection - (AWAITING_INITIAL) [id: 0x6ca54756, L:/0:0:0:0:0:0:0:1:53752 - R:/0:0:0:0:0:0:0:1:53785]: Writing: DefaultHttpContent(data: SlicedAbstractByteBuf(ridx: 0, widx: 476, cap: 476/476, unwrapped: UnpooledByteBufAllocator$InstrumentedUnpooledUnsafeNoCleanerDirectByteBuf(ridx: 478, widx: 483, cap: 8192)), decoderResult: success)
10:01:34.776 [LittleProxy-0-ProxyToServerWorker-2] DEBUG o.l.p.impl.ClientToProxyConnection - (AWAITING_INITIAL) [id: 0x6ca54756, L:/0:0:0:0:0:0:0:1:53752 - R:/0:0:0:0:0:0:0:1:53785]: Wrote: DefaultHttpContent(data: SlicedAbstractByteBuf(ridx: 0, widx: 476, cap: 476/476, unwrapped: UnpooledByteBufAllocator$InstrumentedUnpooledUnsafeNoCleanerDirectByteBuf(ridx: 478, widx: 483, cap: 8192)), decoderResult: success)
10:01:34.776 [LittleProxy-0-ProxyToServerWorker-2] DEBUG o.l.p.impl.ClientToProxyConnection - (AWAITING_INITIAL) [id: 0x6ca54756, L:/0:0:0:0:0:0:0:1:53752 - R:/0:0:0:0:0:0:0:1:53785]: Not closing server connection on middle chunk for /otdsws/login?RFA=eyJhbGciOiJub25lIn0.eyJwb3N0VGlja2V0Ijp0cnVlLCJwb3N0UGFyYW1zIjp0cnVlLCJsb2dvblN0eWxlIjoic2lnbmluLWNzIiwidXhWZXJzaW9uIjoyLCJmb3J3YXJkQWRkcmVzcyI6Imh0dHA6Ly9vdC1ubG1rLWJlLWRldjIub3QuZGV2LmxvY2FsL09UQ1MvY3MuZXhlP2Z1bmM9b3Rkc2ludGVncmF0aW9uLnJlZGlyZWN0Jk5leHRVUkw9aHR0cCUzQSUyRiUyRm90JTJEbmxtayUyRGJlJTJEZGV2MiUyRW90JTJFZGV2JTJFbG9jYWwlMkZPVENTJTJGY3MlMkVleGUlMkZhcHAmZ2V0VFoiLCJyZXNvdXJjZUlEIjoiMmM2MWU0OTEtYzMwNi00YTQyLTg2OWQtM2NkZDRmMmEwZDc1In0&fragment=
10:01:34.776 [LittleProxy-0-ProxyToServerWorker-2] DEBUG o.l.p.impl.ClientToProxyConnection - (AWAITING_INITIAL) [id: 0x6ca54756, L:/0:0:0:0:0:0:0:1:53752 - R:/0:0:0:0:0:0:0:1:53785]: Not closing client connection on middle chunk for /otdsws/login?RFA=eyJhbGciOiJub25lIn0.eyJwb3N0VGlja2V0Ijp0cnVlLCJwb3N0UGFyYW1zIjp0cnVlLCJsb2dvblN0eWxlIjoic2lnbmluLWNzIiwidXhWZXJzaW9uIjoyLCJmb3J3YXJkQWRkcmVzcyI6Imh0dHA6Ly9vdC1ubG1rLWJlLWRldjIub3QuZGV2LmxvY2FsL09UQ1MvY3MuZXhlP2Z1bmM9b3Rkc2ludGVncmF0aW9uLnJlZGlyZWN0Jk5leHRVUkw9aHR0cCUzQSUyRiUyRm90JTJEbmxtayUyRGJlJTJEZGV2MiUyRW90JTJFZGV2JTJFbG9jYWwlMkZPVENTJTJGY3MlMkVleGUlMkZhcHAmZ2V0VFoiLCJyZXNvdXJjZUlEIjoiMmM2MWU0OTEtYzMwNi00YTQyLTg2OWQtM2NkZDRmMmEwZDc1In0&fragment=
10:01:34.777 [LittleProxy-0-ProxyToServerWorker-2] DEBUG o.l.p.impl.ProxyToServerConnection - (AWAITING_CHUNK) [id: 0xa0024915, L:/192.168.99.169:53786 - R:nlmk.terralink-global.com/10.100.102.102:80]: Reading: EmptyLastHttpContent
10:01:34.777 [LittleProxy-0-ProxyToServerWorker-2] DEBUG o.l.p.impl.ClientToProxyConnection - (AWAITING_INITIAL) [id: 0x6ca54756, L:/0:0:0:0:0:0:0:1:53752 - R:/0:0:0:0:0:0:0:1:53785]: Retaining reference counted message
10:01:34.777 [LittleProxy-0-ProxyToServerWorker-2] DEBUG o.l.p.impl.ClientToProxyConnection - (AWAITING_INITIAL) [id: 0x6ca54756, L:/0:0:0:0:0:0:0:1:53752 - R:/0:0:0:0:0:0:0:1:53785]: Writing: EmptyLastHttpContent
10:01:34.778 [LittleProxy-0-ProxyToServerWorker-2] DEBUG o.l.p.impl.ClientToProxyConnection - (AWAITING_INITIAL) [id: 0x6ca54756, L:/0:0:0:0:0:0:0:1:53752 - R:/0:0:0:0:0:0:0:1:53785]: Writing an empty buffer to signal the end of our chunked transfer
10:01:34.778 [LittleProxy-0-ProxyToServerWorker-2] DEBUG o.l.p.impl.ClientToProxyConnection - (AWAITING_INITIAL) [id: 0x6ca54756, L:/0:0:0:0:0:0:0:1:53752 - R:/0:0:0:0:0:0:0:1:53785]: Wrote: EmptyLastHttpContent
10:01:34.778 [LittleProxy-0-ProxyToServerWorker-2] DEBUG o.l.p.impl.ClientToProxyConnection - (AWAITING_INITIAL) [id: 0x6ca54756, L:/0:0:0:0:0:0:0:1:53752 - R:/0:0:0:0:0:0:0:1:53785]: Retaining reference counted message
10:01:34.778 [LittleProxy-0-ProxyToServerWorker-2] DEBUG o.l.p.impl.ClientToProxyConnection - (AWAITING_INITIAL) [id: 0x6ca54756, L:/0:0:0:0:0:0:0:1:53752 - R:/0:0:0:0:0:0:0:1:53785]: Writing: EmptyByteBufBE
10:01:34.778 [LittleProxy-0-ProxyToServerWorker-2] DEBUG o.l.p.impl.ClientToProxyConnection - (AWAITING_INITIAL) [id: 0x6ca54756, L:/0:0:0:0:0:0:0:1:53752 - R:/0:0:0:0:0:0:0:1:53785]: Wrote: EmptyByteBufBE
10:01:34.778 [LittleProxy-0-ProxyToServerWorker-2] DEBUG o.l.p.impl.ClientToProxyConnection - (AWAITING_INITIAL) [id: 0x6ca54756, L:/0:0:0:0:0:0:0:1:53752 - R:/0:0:0:0:0:0:0:1:53785]: Handling last chunk. Using normal server connection closing rules.
10:01:34.778 [LittleProxy-0-ProxyToServerWorker-2] DEBUG o.l.p.impl.ClientToProxyConnection - (AWAITING_INITIAL) [id: 0x6ca54756, L:/0:0:0:0:0:0:0:1:53752 - R:/0:0:0:0:0:0:0:1:53785]: Not closing server connection for response: DefaultHttpResponse(decodeResult: success, version: HTTP/1.1)
HTTP/1.1 401 
Set-Cookie: otdscsrf=76dec855a7a19d520f733a3e340b517e; HttpOnly
WWW-Authenticate: Negotiate
WWW-Authenticate: NTLM
P3P: CP="NON IND UNI COM NAV INT"
X-XSS-Protection: 1
X-Content-Type-Options: nosniff
Content-Security-Policy: style-src 'unsafe-inline' 'self'; default-src 'self'
Cache-Control: no-cache, no-store
Content-Type: text/html;charset=UTF-8
Content-Language: ru
Transfer-Encoding: chunked
Date: Wed, 28 Aug 2019 07:01:32 GMT
10:01:34.778 [LittleProxy-0-ProxyToServerWorker-2] DEBUG o.l.p.impl.ClientToProxyConnection - (AWAITING_INITIAL) [id: 0x6ca54756, L:/0:0:0:0:0:0:0:1:53752 - R:/0:0:0:0:0:0:0:1:53785]: Handling last chunk. Using normal client connection closing rules.
10:01:34.779 [LittleProxy-0-ProxyToServerWorker-2] DEBUG o.l.p.impl.ClientToProxyConnection - (AWAITING_INITIAL) [id: 0x6ca54756, L:/0:0:0:0:0:0:0:1:53752 - R:/0:0:0:0:0:0:0:1:53785]: Not closing client connection for request: DefaultHttpRequest(decodeResult: success, version: HTTP/1.1)
GET /otdsws/login?RFA=eyJhbGciOiJub25lIn0.eyJwb3N0VGlja2V0Ijp0cnVlLCJwb3N0UGFyYW1zIjp0cnVlLCJsb2dvblN0eWxlIjoic2lnbmluLWNzIiwidXhWZXJzaW9uIjoyLCJmb3J3YXJkQWRkcmVzcyI6Imh0dHA6Ly9vdC1ubG1rLWJlLWRldjIub3QuZGV2LmxvY2FsL09UQ1MvY3MuZXhlP2Z1bmM9b3Rkc2ludGVncmF0aW9uLnJlZGlyZWN0Jk5leHRVUkw9aHR0cCUzQSUyRiUyRm90JTJEbmxtayUyRGJlJTJEZGV2MiUyRW90JTJFZGV2JTJFbG9jYWwlMkZPVENTJTJGY3MlMkVleGUlMkZhcHAmZ2V0VFoiLCJyZXNvdXJjZUlEIjoiMmM2MWU0OTEtYzMwNi00YTQyLTg2OWQtM2NkZDRmMmEwZDc1In0&fragment= HTTP/1.1
Host: nlmk.terralink-global.com
User-Agent: Mozilla/5.0 (Windows NT 10.0; Win64; x64; rv:68.0) Gecko/20100101 Firefox/68.0
Accept: text/html,application/xhtml+xml,application/xml;q=0.9,*/*;q=0.8
Accept-Language: ru-RU,ru;q=0.8,en-US;q=0.5,en;q=0.3
Referer: http://nlmk.terralink-global.com/otdsws/login?RFA=2c61e491%2Dc306%2D4a42%2D869d%2D3cdd4f2a0d75%3Ahttp%3A%2F%2Fot%2Dnlmk%2Dbe%2Ddev2%2Eot%2Edev%2Elocal%2FOTCS%2Fcs%2Eexe%3Ffunc%3Dotdsintegration%2Eredirect%26NextURL%3Dhttp%253A%252F%252Fot%252Dnlmk%252Dbe%252Ddev2%252Eot%252Edev%252Elocal%252FOTCS%252Fcs%252Eexe%252Fapp%26getTZ&PostTicket=true&PostParams=true&ux_version=2&PreserveFragment=true&logon_style=signin-cs
Upgrade-Insecure-Requests: 1
Accept-Encoding: gzip, deflate
Via: 1.1 browsermobproxy
]]></system-out>
  <system-err><![CDATA[]]></system-err>
</testsuite>
